{"C:\\Users\\GOURANG CHAUHAN\\Desktop\\Movie_Project\\movie-Explorer\\src\\component\\Auth\\Login.tsx": {"path":"C:\\Users\\GOURANG CHAUHAN\\Desktop\\Movie_Project\\movie-Explorer\\src\\component\\Auth\\Login.tsx","statementMap":{"0":{"start":{"line":1,"column":0},"end":{"line":1,"column":64}},"1":{"start":{"line":2,"column":0},"end":{"line":2,"column":53}},"2":{"start":{"line":3,"column":0},"end":{"line":3,"column":72}},"3":{"start":{"line":4,"column":0},"end":{"line":4,"column":48}},"4":{"start":{"line":5,"column":0},"end":{"line":5,"column":null}},"5":{"start":{"line":16,"column":0},"end":{"line":16,"column":64}},"6":{"start":{"line":17,"column":0},"end":{"line":17,"column":39}},"7":{"start":{"line":24,"column":24},"end":{"line":286,"column":1}},"8":{"start":{"line":25,"column":19},"end":{"line":25,"column":32}},"9":{"start":{"line":26,"column":28},"end":{"line":26,"column":48}},"10":{"start":{"line":26,"column":14},"end":{"line":26,"column":16}},"11":{"start":{"line":26,"column":24},"end":{"line":26,"column":28}},"12":{"start":{"line":27,"column":34},"end":{"line":27,"column":54}},"13":{"start":{"line":27,"column":17},"end":{"line":27,"column":19}},"14":{"start":{"line":27,"column":30},"end":{"line":27,"column":34}},"15":{"start":{"line":28,"column":30},"end":{"line":28,"column":75}},"16":{"start":{"line":28,"column":15},"end":{"line":28,"column":17}},"17":{"start":{"line":28,"column":26},"end":{"line":28,"column":30}},"18":{"start":{"line":29,"column":42},"end":{"line":29,"column":66}},"19":{"start":{"line":29,"column":21},"end":{"line":29,"column":23}},"20":{"start":{"line":29,"column":38},"end":{"line":29,"column":42}},"21":{"start":{"line":30,"column":38},"end":{"line":30,"column":58}},"22":{"start":{"line":30,"column":19},"end":{"line":30,"column":21}},"23":{"start":{"line":30,"column":34},"end":{"line":30,"column":38}},"24":{"start":{"line":31,"column":36},"end":{"line":31,"column":60}},"25":{"start":{"line":31,"column":18},"end":{"line":31,"column":20}},"26":{"start":{"line":31,"column":32},"end":{"line":31,"column":36}},"27":{"start":{"line":33,"column":23},"end":{"line":35,"column":3}},"28":{"start":{"line":34,"column":4},"end":{"line":34,"column":24}},"29":{"start":{"line":37,"column":28},"end":{"line":41,"column":3}},"30":{"start":{"line":38,"column":4},"end":{"line":38,"column":29}},"31":{"start":{"line":39,"column":4},"end":{"line":39,"column":50}},"32":{"start":{"line":39,"column":24},"end":{"line":39,"column":49}},"33":{"start":{"line":40,"column":4},"end":{"line":40,"column":22}},"34":{"start":{"line":43,"column":31},"end":{"line":47,"column":3}},"35":{"start":{"line":44,"column":4},"end":{"line":44,"column":32}},"36":{"start":{"line":45,"column":4},"end":{"line":45,"column":53}},"37":{"start":{"line":45,"column":24},"end":{"line":45,"column":52}},"38":{"start":{"line":46,"column":4},"end":{"line":46,"column":22}},"39":{"start":{"line":49,"column":22},"end":{"line":100,"column":4}},"40":{"start":{"line":49,"column":58},"end":{"line":100,"column":4}},"41":{"start":{"line":50,"column":4},"end":{"line":50,"column":23}},"42":{"start":{"line":51,"column":4},"end":{"line":51,"column":22}},"43":{"start":{"line":52,"column":4},"end":{"line":52,"column":23}},"44":{"start":{"line":54,"column":8},"end":{"line":54,"column":56}},"45":{"start":{"line":55,"column":8},"end":{"line":55,"column":23}},"46":{"start":{"line":57,"column":4},"end":{"line":63,"column":5}},"47":{"start":{"line":58,"column":6},"end":{"line":58,"column":58}},"48":{"start":{"line":59,"column":6},"end":{"line":59,"column":22}},"49":{"start":{"line":60,"column":11},"end":{"line":63,"column":5}},"50":{"start":{"line":61,"column":6},"end":{"line":61,"column":86}},"51":{"start":{"line":62,"column":6},"end":{"line":62,"column":22}},"52":{"start":{"line":65,"column":4},"end":{"line":72,"column":5}},"53":{"start":{"line":66,"column":6},"end":{"line":66,"column":56}},"54":{"start":{"line":67,"column":6},"end":{"line":67,"column":22}},"55":{"start":{"line":68,"column":11},"end":{"line":72,"column":5}},"56":{"start":{"line":69,"column":6},"end":{"line":70,"column":105}},"57":{"start":{"line":71,"column":6},"end":{"line":71,"column":22}},"58":{"start":{"line":74,"column":4},"end":{"line":74,"column":25}},"59":{"start":{"line":76,"column":4},"end":{"line":80,"column":5}},"60":{"start":{"line":77,"column":6},"end":{"line":77,"column":60}},"61":{"start":{"line":78,"column":6},"end":{"line":78,"column":26}},"62":{"start":{"line":79,"column":6},"end":{"line":79,"column":13}},"63":{"start":{"line":83,"column":23},"end":{"line":83,"column":null}},"64":{"start":{"line":83,"column":12},"end":{"line":83,"column":null}},"65":{"start":{"line":84,"column":6},"end":{"line":84,"column":52}},"66":{"start":{"line":85,"column":6},"end":{"line":88,"column":9}},"67":{"start":{"line":89,"column":6},"end":{"line":89,"column":24}},"68":{"start":{"line":91,"column":12},"end":{"line":91,"column":96}},"69":{"start":{"line":92,"column":6},"end":{"line":92,"column":34}},"70":{"start":{"line":93,"column":6},"end":{"line":96,"column":9}},"71":{"start":{"line":98,"column":6},"end":{"line":98,"column":26}},"72":{"start":{"line":102,"column":2},"end":{"line":285,"column":4}},"73":{"start":{"line":203,"column":37},"end":{"line":203,"column":null}},"74":{"start":{"line":288,"column":0},"end":{"line":288,"column":21}}},"fnMap":{"0":{"name":"(anonymous_25)","decl":{"start":{"line":24,"column":24},"end":{"line":24,"column":null}},"loc":{"start":{"line":24,"column":24},"end":{"line":286,"column":1}}},"1":{"name":"(anonymous_26)","decl":{"start":{"line":33,"column":23},"end":{"line":33,"column":null}},"loc":{"start":{"line":33,"column":23},"end":{"line":35,"column":3}}},"2":{"name":"(anonymous_27)","decl":{"start":{"line":37,"column":28},"end":{"line":37,"column":29}},"loc":{"start":{"line":37,"column":61},"end":{"line":41,"column":3}}},"3":{"name":"(anonymous_28)","decl":{"start":{"line":39,"column":14},"end":{"line":39,"column":15}},"loc":{"start":{"line":39,"column":19},"end":{"line":39,"column":30}}},"4":{"name":"(anonymous_29)","decl":{"start":{"line":43,"column":31},"end":{"line":43,"column":32}},"loc":{"start":{"line":43,"column":64},"end":{"line":47,"column":3}}},"5":{"name":"(anonymous_30)","decl":{"start":{"line":45,"column":14},"end":{"line":45,"column":15}},"loc":{"start":{"line":45,"column":19},"end":{"line":45,"column":30}}},"6":{"name":"(anonymous_31)","decl":{"start":{"line":49,"column":22},"end":{"line":49,"column":29}},"loc":{"start":{"line":49,"column":58},"end":{"line":100,"column":4}}},"7":{"name":"(anonymous_32)","decl":{"start":{"line":49,"column":58},"end":{"line":49,"column":null}},"loc":{"start":{"line":49,"column":58},"end":{"line":100,"column":4}}},"8":{"name":"(anonymous_34)","decl":{"start":{"line":203,"column":31},"end":{"line":203,"column":37}},"loc":{"start":{"line":203,"column":31},"end":{"line":203,"column":52}}}},"branchMap":{"0":{"loc":{"start":{"line":57,"column":4},"end":{"line":63,"column":5}},"type":"if","locations":[{"start":{"line":57,"column":4},"end":{"line":63,"column":5}},{"start":{"line":60,"column":11},"end":{"line":63,"column":5}}]},"1":{"loc":{"start":{"line":60,"column":11},"end":{"line":63,"column":5}},"type":"if","locations":[{"start":{"line":60,"column":11},"end":{"line":63,"column":5}}]},"2":{"loc":{"start":{"line":65,"column":4},"end":{"line":72,"column":5}},"type":"if","locations":[{"start":{"line":65,"column":4},"end":{"line":72,"column":5}},{"start":{"line":68,"column":11},"end":{"line":72,"column":5}}]},"3":{"loc":{"start":{"line":68,"column":11},"end":{"line":72,"column":5}},"type":"if","locations":[{"start":{"line":68,"column":11},"end":{"line":72,"column":5}}]},"4":{"loc":{"start":{"line":76,"column":4},"end":{"line":80,"column":5}},"type":"if","locations":[{"start":{"line":76,"column":4},"end":{"line":80,"column":5}}]},"5":{"loc":{"start":{"line":91,"column":27},"end":{"line":91,"column":95}},"type":"binary-expr","locations":[{"start":{"line":91,"column":27},"end":{"line":91,"column":40}},{"start":{"line":91,"column":44},"end":{"line":91,"column":95}}]},"6":{"loc":{"start":{"line":190,"column":20},"end":{"line":190,"column":54}},"type":"cond-expr","locations":[{"start":{"line":190,"column":35},"end":{"line":190,"column":41}},{"start":{"line":190,"column":44},"end":{"line":190,"column":54}}]},"7":{"loc":{"start":{"line":208,"column":23},"end":{"line":208,"column":72}},"type":"cond-expr","locations":[{"start":{"line":208,"column":38},"end":{"line":208,"column":52}},{"start":{"line":208,"column":55},"end":{"line":208,"column":72}}]},"8":{"loc":{"start":{"line":227,"column":11},"end":{"line":230,"column":null}},"type":"binary-expr","locations":[{"start":{"line":227,"column":11},"end":{"line":227,"column":21}},{"start":{"line":228,"column":12},"end":{"line":229,"column":null}}]},"9":{"loc":{"start":{"line":262,"column":13},"end":{"line":262,"column":81}},"type":"cond-expr","locations":[{"start":{"line":262,"column":25},"end":{"line":262,"column":71}},{"start":{"line":262,"column":74},"end":{"line":262,"column":81}}]}},"s":{"0":1,"1":1,"2":1,"3":1,"4":1,"5":1,"6":1,"7":1,"8":28,"9":28,"10":28,"11":28,"12":28,"13":28,"14":28,"15":28,"16":28,"17":28,"18":28,"19":28,"20":28,"21":28,"22":28,"23":28,"24":28,"25":28,"26":28,"27":28,"28":1,"29":28,"30":5,"31":5,"32":5,"33":5,"34":28,"35":4,"36":4,"37":4,"38":4,"39":28,"40":5,"41":5,"42":5,"43":5,"44":5,"45":5,"46":5,"47":1,"48":1,"49":4,"50":1,"51":1,"52":5,"53":2,"54":2,"55":3,"56":1,"57":1,"58":5,"59":5,"60":3,"61":3,"62":3,"63":2,"64":2,"65":1,"66":1,"67":1,"68":1,"69":1,"70":1,"71":2,"72":28,"73":2,"74":1},"f":{"0":28,"1":1,"2":5,"3":5,"4":4,"5":4,"6":5,"7":5,"8":2},"b":{"0":[1,4],"1":[1],"2":[2,3],"3":[1],"4":[3],"5":[1,0],"6":[1,27],"7":[1,27],"8":[28,1],"9":[2,26]}}
,"C:\\Users\\GOURANG CHAUHAN\\Desktop\\Movie_Project\\movie-Explorer\\src\\component\\Auth\\Signup.tsx": {"path":"C:\\Users\\GOURANG CHAUHAN\\Desktop\\Movie_Project\\movie-Explorer\\src\\component\\Auth\\Signup.tsx","statementMap":{"0":{"start":{"line":1,"column":0},"end":{"line":1,"column":64}},"1":{"start":{"line":2,"column":0},"end":{"line":2,"column":47}},"2":{"start":{"line":3,"column":0},"end":{"line":3,"column":85}},"3":{"start":{"line":4,"column":0},"end":{"line":4,"column":48}},"4":{"start":{"line":5,"column":0},"end":{"line":5,"column":null}},"5":{"start":{"line":12,"column":0},"end":{"line":12,"column":39}},"6":{"start":{"line":39,"column":25},"end":{"line":346,"column":1}},"7":{"start":{"line":40,"column":19},"end":{"line":40,"column":32}},"8":{"start":{"line":41,"column":26},"end":{"line":41,"column":46}},"9":{"start":{"line":41,"column":13},"end":{"line":41,"column":15}},"10":{"start":{"line":41,"column":22},"end":{"line":41,"column":26}},"11":{"start":{"line":42,"column":28},"end":{"line":42,"column":48}},"12":{"start":{"line":42,"column":14},"end":{"line":42,"column":16}},"13":{"start":{"line":42,"column":24},"end":{"line":42,"column":28}},"14":{"start":{"line":43,"column":28},"end":{"line":43,"column":48}},"15":{"start":{"line":43,"column":14},"end":{"line":43,"column":16}},"16":{"start":{"line":43,"column":24},"end":{"line":43,"column":28}},"17":{"start":{"line":44,"column":34},"end":{"line":44,"column":54}},"18":{"start":{"line":44,"column":17},"end":{"line":44,"column":19}},"19":{"start":{"line":44,"column":30},"end":{"line":44,"column":34}},"20":{"start":{"line":45,"column":30},"end":{"line":45,"column":96}},"21":{"start":{"line":45,"column":15},"end":{"line":45,"column":17}},"22":{"start":{"line":45,"column":26},"end":{"line":45,"column":30}},"23":{"start":{"line":46,"column":40},"end":{"line":46,"column":60}},"24":{"start":{"line":46,"column":20},"end":{"line":46,"column":22}},"25":{"start":{"line":46,"column":36},"end":{"line":46,"column":40}},"26":{"start":{"line":48,"column":22},"end":{"line":50,"column":3}},"27":{"start":{"line":49,"column":4},"end":{"line":49,"column":18}},"28":{"start":{"line":52,"column":27},"end":{"line":60,"column":3}},"29":{"start":{"line":53,"column":18},"end":{"line":53,"column":32}},"30":{"start":{"line":54,"column":4},"end":{"line":54,"column":19}},"31":{"start":{"line":55,"column":4},"end":{"line":59,"column":5}},"32":{"start":{"line":56,"column":6},"end":{"line":56,"column":73}},"33":{"start":{"line":56,"column":26},"end":{"line":56,"column":72}},"34":{"start":{"line":58,"column":6},"end":{"line":58,"column":51}},"35":{"start":{"line":58,"column":26},"end":{"line":58,"column":50}},"36":{"start":{"line":62,"column":28},"end":{"line":70,"column":3}},"37":{"start":{"line":63,"column":18},"end":{"line":63,"column":32}},"38":{"start":{"line":64,"column":4},"end":{"line":64,"column":20}},"39":{"start":{"line":65,"column":4},"end":{"line":69,"column":5}},"40":{"start":{"line":66,"column":6},"end":{"line":66,"column":112}},"41":{"start":{"line":66,"column":26},"end":{"line":66,"column":111}},"42":{"start":{"line":68,"column":6},"end":{"line":68,"column":52}},"43":{"start":{"line":68,"column":26},"end":{"line":68,"column":51}},"44":{"start":{"line":72,"column":28},"end":{"line":80,"column":3}},"45":{"start":{"line":73,"column":18},"end":{"line":73,"column":32}},"46":{"start":{"line":74,"column":4},"end":{"line":74,"column":20}},"47":{"start":{"line":75,"column":4},"end":{"line":79,"column":5}},"48":{"start":{"line":76,"column":6},"end":{"line":76,"column":113}},"49":{"start":{"line":76,"column":26},"end":{"line":76,"column":112}},"50":{"start":{"line":78,"column":6},"end":{"line":78,"column":52}},"51":{"start":{"line":78,"column":26},"end":{"line":78,"column":51}},"52":{"start":{"line":82,"column":31},"end":{"line":90,"column":3}},"53":{"start":{"line":83,"column":18},"end":{"line":83,"column":32}},"54":{"start":{"line":84,"column":4},"end":{"line":84,"column":23}},"55":{"start":{"line":85,"column":4},"end":{"line":89,"column":5}},"56":{"start":{"line":86,"column":6},"end":{"line":86,"column":149}},"57":{"start":{"line":86,"column":26},"end":{"line":86,"column":148}},"58":{"start":{"line":88,"column":6},"end":{"line":88,"column":55}},"59":{"start":{"line":88,"column":26},"end":{"line":88,"column":54}},"60":{"start":{"line":92,"column":23},"end":{"line":154,"column":4}},"61":{"start":{"line":92,"column":59},"end":{"line":154,"column":4}},"62":{"start":{"line":93,"column":4},"end":{"line":93,"column":23}},"63":{"start":{"line":94,"column":4},"end":{"line":94,"column":23}},"64":{"start":{"line":96,"column":8},"end":{"line":96,"column":23}},"65":{"start":{"line":98,"column":4},"end":{"line":101,"column":5}},"66":{"start":{"line":99,"column":6},"end":{"line":99,"column":73}},"67":{"start":{"line":99,"column":26},"end":{"line":99,"column":72}},"68":{"start":{"line":100,"column":6},"end":{"line":100,"column":22}},"69":{"start":{"line":102,"column":4},"end":{"line":105,"column":5}},"70":{"start":{"line":103,"column":6},"end":{"line":103,"column":112}},"71":{"start":{"line":103,"column":26},"end":{"line":103,"column":111}},"72":{"start":{"line":104,"column":6},"end":{"line":104,"column":22}},"73":{"start":{"line":106,"column":4},"end":{"line":109,"column":5}},"74":{"start":{"line":107,"column":6},"end":{"line":107,"column":113}},"75":{"start":{"line":107,"column":26},"end":{"line":107,"column":112}},"76":{"start":{"line":108,"column":6},"end":{"line":108,"column":22}},"77":{"start":{"line":110,"column":4},"end":{"line":113,"column":5}},"78":{"start":{"line":111,"column":6},"end":{"line":111,"column":149}},"79":{"start":{"line":111,"column":26},"end":{"line":111,"column":148}},"80":{"start":{"line":112,"column":6},"end":{"line":112,"column":22}},"81":{"start":{"line":115,"column":4},"end":{"line":121,"column":5}},"82":{"start":{"line":116,"column":6},"end":{"line":119,"column":9}},"83":{"start":{"line":120,"column":6},"end":{"line":120,"column":13}},"84":{"start":{"line":123,"column":10},"end":{"line":130,"column":6}},"85":{"start":{"line":133,"column":35},"end":{"line":133,"column":null}},"86":{"start":{"line":133,"column":12},"end":{"line":133,"column":null}},"87":{"start":{"line":134,"column":6},"end":{"line":134,"column":48}},"88":{"start":{"line":135,"column":6},"end":{"line":140,"column":10}},"89":{"start":{"line":141,"column":6},"end":{"line":144,"column":9}},"90":{"start":{"line":145,"column":6},"end":{"line":145,"column":20}},"91":{"start":{"line":147,"column":12},"end":{"line":147,"column":97}},"92":{"start":{"line":148,"column":6},"end":{"line":148,"column":35}},"93":{"start":{"line":149,"column":6},"end":{"line":152,"column":9}},"94":{"start":{"line":156,"column":2},"end":{"line":345,"column":4}},"95":{"start":{"line":348,"column":0},"end":{"line":348,"column":22}}},"fnMap":{"0":{"name":"(anonymous_25)","decl":{"start":{"line":39,"column":25},"end":{"line":39,"column":null}},"loc":{"start":{"line":39,"column":25},"end":{"line":346,"column":1}}},"1":{"name":"(anonymous_26)","decl":{"start":{"line":48,"column":22},"end":{"line":48,"column":null}},"loc":{"start":{"line":48,"column":22},"end":{"line":50,"column":3}}},"2":{"name":"(anonymous_27)","decl":{"start":{"line":52,"column":27},"end":{"line":52,"column":28}},"loc":{"start":{"line":52,"column":60},"end":{"line":60,"column":3}}},"3":{"name":"(anonymous_28)","decl":{"start":{"line":56,"column":16},"end":{"line":56,"column":17}},"loc":{"start":{"line":56,"column":21},"end":{"line":56,"column":32}}},"4":{"name":"(anonymous_29)","decl":{"start":{"line":58,"column":16},"end":{"line":58,"column":17}},"loc":{"start":{"line":58,"column":21},"end":{"line":58,"column":32}}},"5":{"name":"(anonymous_30)","decl":{"start":{"line":62,"column":28},"end":{"line":62,"column":29}},"loc":{"start":{"line":62,"column":61},"end":{"line":70,"column":3}}},"6":{"name":"(anonymous_31)","decl":{"start":{"line":66,"column":16},"end":{"line":66,"column":17}},"loc":{"start":{"line":66,"column":21},"end":{"line":66,"column":32}}},"7":{"name":"(anonymous_32)","decl":{"start":{"line":68,"column":16},"end":{"line":68,"column":17}},"loc":{"start":{"line":68,"column":21},"end":{"line":68,"column":32}}},"8":{"name":"(anonymous_33)","decl":{"start":{"line":72,"column":28},"end":{"line":72,"column":29}},"loc":{"start":{"line":72,"column":61},"end":{"line":80,"column":3}}},"9":{"name":"(anonymous_34)","decl":{"start":{"line":76,"column":16},"end":{"line":76,"column":17}},"loc":{"start":{"line":76,"column":21},"end":{"line":76,"column":32}}},"10":{"name":"(anonymous_35)","decl":{"start":{"line":78,"column":16},"end":{"line":78,"column":17}},"loc":{"start":{"line":78,"column":21},"end":{"line":78,"column":32}}},"11":{"name":"(anonymous_36)","decl":{"start":{"line":82,"column":31},"end":{"line":82,"column":32}},"loc":{"start":{"line":82,"column":64},"end":{"line":90,"column":3}}},"12":{"name":"(anonymous_37)","decl":{"start":{"line":86,"column":16},"end":{"line":86,"column":17}},"loc":{"start":{"line":86,"column":21},"end":{"line":86,"column":32}}},"13":{"name":"(anonymous_38)","decl":{"start":{"line":88,"column":16},"end":{"line":88,"column":17}},"loc":{"start":{"line":88,"column":21},"end":{"line":88,"column":32}}},"14":{"name":"(anonymous_39)","decl":{"start":{"line":92,"column":23},"end":{"line":92,"column":30}},"loc":{"start":{"line":92,"column":59},"end":{"line":154,"column":4}}},"15":{"name":"(anonymous_40)","decl":{"start":{"line":92,"column":69},"end":{"line":92,"column":null}},"loc":{"start":{"line":92,"column":69},"end":{"line":154,"column":4}}},"16":{"name":"(anonymous_42)","decl":{"start":{"line":99,"column":16},"end":{"line":99,"column":17}},"loc":{"start":{"line":99,"column":21},"end":{"line":99,"column":32}}},"17":{"name":"(anonymous_43)","decl":{"start":{"line":103,"column":16},"end":{"line":103,"column":17}},"loc":{"start":{"line":103,"column":21},"end":{"line":103,"column":32}}},"18":{"name":"(anonymous_44)","decl":{"start":{"line":107,"column":16},"end":{"line":107,"column":17}},"loc":{"start":{"line":107,"column":21},"end":{"line":107,"column":32}}},"19":{"name":"(anonymous_45)","decl":{"start":{"line":111,"column":16},"end":{"line":111,"column":17}},"loc":{"start":{"line":111,"column":21},"end":{"line":111,"column":32}}}},"branchMap":{"0":{"loc":{"start":{"line":55,"column":4},"end":{"line":59,"column":5}},"type":"if","locations":[{"start":{"line":55,"column":4},"end":{"line":59,"column":5}},{"start":{"line":57,"column":11},"end":{"line":59,"column":5}}]},"1":{"loc":{"start":{"line":65,"column":4},"end":{"line":69,"column":5}},"type":"if","locations":[{"start":{"line":65,"column":4},"end":{"line":69,"column":5}},{"start":{"line":67,"column":11},"end":{"line":69,"column":5}}]},"2":{"loc":{"start":{"line":75,"column":4},"end":{"line":79,"column":5}},"type":"if","locations":[{"start":{"line":75,"column":4},"end":{"line":79,"column":5}},{"start":{"line":77,"column":11},"end":{"line":79,"column":5}}]},"3":{"loc":{"start":{"line":85,"column":4},"end":{"line":89,"column":5}},"type":"if","locations":[{"start":{"line":85,"column":4},"end":{"line":89,"column":5}},{"start":{"line":87,"column":11},"end":{"line":89,"column":5}}]},"4":{"loc":{"start":{"line":98,"column":4},"end":{"line":101,"column":5}},"type":"if","locations":[{"start":{"line":98,"column":4},"end":{"line":101,"column":5}}]},"5":{"loc":{"start":{"line":102,"column":4},"end":{"line":105,"column":5}},"type":"if","locations":[{"start":{"line":102,"column":4},"end":{"line":105,"column":5}}]},"6":{"loc":{"start":{"line":106,"column":4},"end":{"line":109,"column":5}},"type":"if","locations":[{"start":{"line":106,"column":4},"end":{"line":109,"column":5}}]},"7":{"loc":{"start":{"line":110,"column":4},"end":{"line":113,"column":5}},"type":"if","locations":[{"start":{"line":110,"column":4},"end":{"line":113,"column":5}}]},"8":{"loc":{"start":{"line":115,"column":4},"end":{"line":121,"column":5}},"type":"if","locations":[{"start":{"line":115,"column":4},"end":{"line":121,"column":5}}]},"9":{"loc":{"start":{"line":147,"column":27},"end":{"line":147,"column":96}},"type":"binary-expr","locations":[{"start":{"line":147,"column":27},"end":{"line":147,"column":40}},{"start":{"line":147,"column":44},"end":{"line":147,"column":96}}]},"10":{"loc":{"start":{"line":321,"column":11},"end":{"line":324,"column":null}},"type":"binary-expr","locations":[{"start":{"line":321,"column":11},"end":{"line":321,"column":22}},{"start":{"line":322,"column":12},"end":{"line":323,"column":null}}]}},"s":{"0":1,"1":1,"2":1,"3":1,"4":1,"5":1,"6":1,"7":31,"8":31,"9":31,"10":31,"11":31,"12":31,"13":31,"14":31,"15":31,"16":31,"17":31,"18":31,"19":31,"20":31,"21":31,"22":31,"23":31,"24":31,"25":31,"26":31,"27":1,"28":31,"29":4,"30":4,"31":4,"32":0,"33":0,"34":4,"35":4,"36":31,"37":4,"38":4,"39":4,"40":1,"41":1,"42":3,"43":3,"44":31,"45":4,"46":4,"47":4,"48":1,"49":1,"50":3,"51":3,"52":31,"53":4,"54":4,"55":4,"56":1,"57":1,"58":3,"59":3,"60":31,"61":4,"62":4,"63":4,"64":4,"65":4,"66":1,"67":1,"68":1,"69":4,"70":2,"71":2,"72":2,"73":4,"74":2,"75":2,"76":2,"77":4,"78":2,"79":2,"80":2,"81":4,"82":2,"83":2,"84":2,"85":2,"86":2,"87":1,"88":1,"89":1,"90":1,"91":1,"92":1,"93":1,"94":31,"95":1},"f":{"0":31,"1":1,"2":4,"3":0,"4":4,"5":4,"6":1,"7":3,"8":4,"9":1,"10":3,"11":4,"12":1,"13":3,"14":4,"15":4,"16":1,"17":2,"18":2,"19":2},"b":{"0":[0,4],"1":[1,3],"2":[1,3],"3":[1,3],"4":[1],"5":[2],"6":[2],"7":[2],"8":[2],"9":[1,0],"10":[31,2]}}
,"C:\\Users\\GOURANG CHAUHAN\\Desktop\\Movie_Project\\movie-Explorer\\src\\component\\Common\\Footer.tsx": {"path":"C:\\Users\\GOURANG CHAUHAN\\Desktop\\Movie_Project\\movie-Explorer\\src\\component\\Common\\Footer.tsx","statementMap":{"0":{"start":{"line":1,"column":0},"end":{"line":1,"column":26}},"1":{"start":{"line":2,"column":0},"end":{"line":2,"column":56}},"2":{"start":{"line":4,"column":25},"end":{"line":95,"column":1}},"3":{"start":{"line":5,"column":2},"end":{"line":94,"column":4}},"4":{"start":{"line":97,"column":0},"end":{"line":97,"column":22}}},"fnMap":{"0":{"name":"(anonymous_1)","decl":{"start":{"line":4,"column":25},"end":{"line":4,"column":null}},"loc":{"start":{"line":4,"column":25},"end":{"line":95,"column":1}}}},"branchMap":{},"s":{"0":1,"1":1,"2":1,"3":6,"4":1},"f":{"0":6},"b":{}}
,"C:\\Users\\GOURANG CHAUHAN\\Desktop\\Movie_Project\\movie-Explorer\\src\\component\\Common\\Header.tsx": {"path":"C:\\Users\\GOURANG CHAUHAN\\Desktop\\Movie_Project\\movie-Explorer\\src\\component\\Common\\Header.tsx","statementMap":{"0":{"start":{"line":1,"column":0},"end":{"line":1,"column":51}},"1":{"start":{"line":2,"column":0},"end":{"line":2,"column":47}},"2":{"start":{"line":3,"column":0},"end":{"line":3,"column":58}},"3":{"start":{"line":4,"column":0},"end":{"line":4,"column":null}},"4":{"start":{"line":15,"column":0},"end":{"line":15,"column":66}},"5":{"start":{"line":17,"column":25},"end":{"line":199,"column":1}},"6":{"start":{"line":18,"column":34},"end":{"line":18,"column":74}},"7":{"start":{"line":18,"column":17},"end":{"line":18,"column":19}},"8":{"start":{"line":18,"column":30},"end":{"line":18,"column":34}},"9":{"start":{"line":19,"column":26},"end":{"line":19,"column":50}},"10":{"start":{"line":19,"column":13},"end":{"line":19,"column":15}},"11":{"start":{"line":19,"column":22},"end":{"line":19,"column":26}},"12":{"start":{"line":20,"column":26},"end":{"line":20,"column":51}},"13":{"start":{"line":20,"column":13},"end":{"line":20,"column":15}},"14":{"start":{"line":20,"column":22},"end":{"line":20,"column":26}},"15":{"start":{"line":21,"column":38},"end":{"line":21,"column":62}},"16":{"start":{"line":21,"column":19},"end":{"line":21,"column":21}},"17":{"start":{"line":21,"column":34},"end":{"line":21,"column":38}},"18":{"start":{"line":22,"column":15},"end":{"line":22,"column":32}},"19":{"start":{"line":23,"column":19},"end":{"line":23,"column":32}},"20":{"start":{"line":25,"column":2},"end":{"line":52,"column":9}},"21":{"start":{"line":26,"column":23},"end":{"line":26,"column":62}},"22":{"start":{"line":27,"column":18},"end":{"line":27,"column":47}},"23":{"start":{"line":28,"column":21},"end":{"line":28,"column":54}},"24":{"start":{"line":30,"column":4},"end":{"line":51,"column":5}},"25":{"start":{"line":31,"column":6},"end":{"line":31,"column":26}},"26":{"start":{"line":32,"column":6},"end":{"line":47,"column":7}},"27":{"start":{"line":33,"column":8},"end":{"line":46,"column":9}},"28":{"start":{"line":34,"column":10},"end":{"line":36,"column":11}},"29":{"start":{"line":35,"column":12},"end":{"line":35,"column":31}},"30":{"start":{"line":37,"column":27},"end":{"line":37,"column":49}},"31":{"start":{"line":38,"column":10},"end":{"line":42,"column":11}},"32":{"start":{"line":39,"column":12},"end":{"line":39,"column":34}},"33":{"start":{"line":41,"column":12},"end":{"line":41,"column":28}},"34":{"start":{"line":44,"column":10},"end":{"line":44,"column":66}},"35":{"start":{"line":45,"column":10},"end":{"line":45,"column":26}},"36":{"start":{"line":48,"column":6},"end":{"line":48,"column":35}},"37":{"start":{"line":50,"column":6},"end":{"line":50,"column":27}},"38":{"start":{"line":54,"column":22},"end":{"line":56,"column":3}},"39":{"start":{"line":55,"column":4},"end":{"line":55,"column":37}},"40":{"start":{"line":58,"column":22},"end":{"line":60,"column":3}},"41":{"start":{"line":59,"column":4},"end":{"line":59,"column":22}},"42":{"start":{"line":62,"column":28},"end":{"line":65,"column":3}},"43":{"start":{"line":63,"column":4},"end":{"line":63,"column":23}},"44":{"start":{"line":64,"column":4},"end":{"line":64,"column":18}},"45":{"start":{"line":67,"column":29},"end":{"line":69,"column":3}},"46":{"start":{"line":68,"column":4},"end":{"line":68,"column":22}},"47":{"start":{"line":71,"column":29},"end":{"line":73,"column":3}},"48":{"start":{"line":72,"column":4},"end":{"line":72,"column":21}},"49":{"start":{"line":75,"column":22},"end":{"line":77,"column":3}},"50":{"start":{"line":76,"column":4},"end":{"line":76,"column":27}},"51":{"start":{"line":79,"column":23},"end":{"line":86,"column":4}},"52":{"start":{"line":81,"column":6},"end":{"line":81,"column":22}},"53":{"start":{"line":82,"column":6},"end":{"line":82,"column":20}},"54":{"start":{"line":84,"column":6},"end":{"line":84,"column":44}},"55":{"start":{"line":88,"column":30},"end":{"line":90,"column":3}},"56":{"start":{"line":89,"column":4},"end":{"line":89,"column":41}},"57":{"start":{"line":92,"column":28},"end":{"line":95,"column":3}},"58":{"start":{"line":93,"column":4},"end":{"line":93,"column":18}},"59":{"start":{"line":94,"column":4},"end":{"line":94,"column":18}},"60":{"start":{"line":97,"column":2},"end":{"line":198,"column":4}},"61":{"start":{"line":201,"column":0},"end":{"line":201,"column":22}}},"fnMap":{"0":{"name":"(anonymous_22)","decl":{"start":{"line":17,"column":25},"end":{"line":17,"column":null}},"loc":{"start":{"line":17,"column":25},"end":{"line":199,"column":1}}},"1":{"name":"(anonymous_23)","decl":{"start":{"line":25,"column":12},"end":{"line":25,"column":null}},"loc":{"start":{"line":25,"column":12},"end":{"line":52,"column":3}}},"2":{"name":"(anonymous_24)","decl":{"start":{"line":54,"column":22},"end":{"line":54,"column":23}},"loc":{"start":{"line":54,"column":65},"end":{"line":56,"column":3}}},"3":{"name":"(anonymous_25)","decl":{"start":{"line":58,"column":22},"end":{"line":58,"column":null}},"loc":{"start":{"line":58,"column":22},"end":{"line":60,"column":3}}},"4":{"name":"(anonymous_26)","decl":{"start":{"line":62,"column":28},"end":{"line":62,"column":null}},"loc":{"start":{"line":62,"column":28},"end":{"line":65,"column":3}}},"5":{"name":"(anonymous_27)","decl":{"start":{"line":67,"column":29},"end":{"line":67,"column":null}},"loc":{"start":{"line":67,"column":29},"end":{"line":69,"column":3}}},"6":{"name":"(anonymous_28)","decl":{"start":{"line":71,"column":29},"end":{"line":71,"column":null}},"loc":{"start":{"line":71,"column":29},"end":{"line":73,"column":3}}},"7":{"name":"(anonymous_29)","decl":{"start":{"line":75,"column":22},"end":{"line":75,"column":null}},"loc":{"start":{"line":75,"column":22},"end":{"line":77,"column":3}}},"8":{"name":"(anonymous_30)","decl":{"start":{"line":79,"column":23},"end":{"line":79,"column":null}},"loc":{"start":{"line":79,"column":23},"end":{"line":86,"column":4}}},"9":{"name":"(anonymous_33)","decl":{"start":{"line":88,"column":30},"end":{"line":88,"column":null}},"loc":{"start":{"line":88,"column":30},"end":{"line":90,"column":3}}},"10":{"name":"(anonymous_34)","decl":{"start":{"line":92,"column":28},"end":{"line":92,"column":null}},"loc":{"start":{"line":92,"column":28},"end":{"line":95,"column":3}}}},"branchMap":{"0":{"loc":{"start":{"line":30,"column":4},"end":{"line":51,"column":5}},"type":"if","locations":[{"start":{"line":30,"column":4},"end":{"line":51,"column":5}},{"start":{"line":49,"column":11},"end":{"line":51,"column":5}}]},"1":{"loc":{"start":{"line":32,"column":6},"end":{"line":47,"column":7}},"type":"if","locations":[{"start":{"line":32,"column":6},"end":{"line":47,"column":7}}]},"2":{"loc":{"start":{"line":34,"column":10},"end":{"line":36,"column":11}},"type":"if","locations":[{"start":{"line":34,"column":10},"end":{"line":36,"column":11}}]},"3":{"loc":{"start":{"line":38,"column":10},"end":{"line":42,"column":11}},"type":"if","locations":[{"start":{"line":38,"column":10},"end":{"line":42,"column":11}},{"start":{"line":40,"column":17},"end":{"line":42,"column":11}}]},"4":{"loc":{"start":{"line":177,"column":13},"end":{"line":192,"column":null}},"type":"cond-expr","locations":[{"start":{"line":178,"column":14},"end":{"line":189,"column":null}},{"start":{"line":192,"column":14},"end":{"line":192,"column":82}}]},"5":{"loc":{"start":{"line":179,"column":17},"end":{"line":180,"column":null}},"type":"binary-expr","locations":[{"start":{"line":179,"column":17},"end":{"line":179,"column":38}},{"start":{"line":180,"column":18},"end":{"line":180,"column":79}}]},"6":{"loc":{"start":{"line":186,"column":17},"end":{"line":187,"column":null}},"type":"binary-expr","locations":[{"start":{"line":186,"column":17},"end":{"line":186,"column":33}},{"start":{"line":187,"column":18},"end":{"line":187,"column":84}}]}},"s":{"0":1,"1":1,"2":1,"3":1,"4":1,"5":1,"6":22,"7":22,"8":22,"9":22,"10":22,"11":22,"12":22,"13":22,"14":22,"15":22,"16":22,"17":22,"18":22,"19":22,"20":22,"21":10,"22":10,"23":10,"24":10,"25":6,"26":6,"27":5,"28":5,"29":1,"30":5,"31":4,"32":1,"33":3,"34":1,"35":1,"36":6,"37":4,"38":22,"39":5,"40":22,"41":0,"42":22,"43":0,"44":0,"45":22,"46":1,"47":22,"48":0,"49":22,"50":1,"51":23,"52":2,"53":1,"54":0,"55":22,"56":0,"57":22,"58":0,"59":0,"60":22,"61":1},"f":{"0":22,"1":10,"2":5,"3":0,"4":0,"5":1,"6":0,"7":1,"8":2,"9":0,"10":0},"b":{"0":[6,4],"1":[5],"2":[1],"3":[1,3],"4":[10,12],"5":[10,2],"6":[10,8]}}
,"C:\\Users\\GOURANG CHAUHAN\\Desktop\\Movie_Project\\movie-Explorer\\src\\component\\CrasouleSample\\Carosule.tsx": {"path":"C:\\Users\\GOURANG CHAUHAN\\Desktop\\Movie_Project\\movie-Explorer\\src\\component\\CrasouleSample\\Carosule.tsx","statementMap":{"0":{"start":{"line":1,"column":0},"end":{"line":1,"column":52}},"1":{"start":{"line":2,"column":0},"end":{"line":2,"column":47}},"2":{"start":{"line":3,"column":0},"end":{"line":3,"column":78}},"3":{"start":{"line":4,"column":0},"end":{"line":4,"column":62}},"4":{"start":{"line":5,"column":0},"end":{"line":5,"column":64}},"5":{"start":{"line":6,"column":0},"end":{"line":6,"column":36}},"6":{"start":{"line":7,"column":0},"end":{"line":7,"column":64}},"7":{"start":{"line":14,"column":42},"end":{"line":178,"column":1}},"8":{"start":{"line":14,"column":50},"end":{"line":14,"column":52}},"9":{"start":{"line":14,"column":57},"end":{"line":14,"column":59}},"10":{"start":{"line":15,"column":20},"end":{"line":15,"column":48}},"11":{"start":{"line":16,"column":38},"end":{"line":16,"column":61}},"12":{"start":{"line":16,"column":19},"end":{"line":16,"column":21}},"13":{"start":{"line":16,"column":34},"end":{"line":16,"column":38}},"14":{"start":{"line":17,"column":28},"end":{"line":17,"column":57}},"15":{"start":{"line":17,"column":14},"end":{"line":17,"column":16}},"16":{"start":{"line":17,"column":24},"end":{"line":17,"column":28}},"17":{"start":{"line":18,"column":19},"end":{"line":18,"column":32}},"18":{"start":{"line":20,"column":2},"end":{"line":37,"column":14}},"19":{"start":{"line":21,"column":23},"end":{"line":34,"column":6}},"20":{"start":{"line":23,"column":23},"end":{"line":23,"column":null}},"21":{"start":{"line":23,"column":14},"end":{"line":23,"column":null}},"22":{"start":{"line":24,"column":8},"end":{"line":29,"column":9}},"23":{"start":{"line":25,"column":10},"end":{"line":25,"column":47}},"24":{"start":{"line":27,"column":10},"end":{"line":27,"column":32}},"25":{"start":{"line":28,"column":10},"end":{"line":28,"column":25}},"26":{"start":{"line":31,"column":8},"end":{"line":31,"column":51}},"27":{"start":{"line":32,"column":8},"end":{"line":32,"column":27}},"28":{"start":{"line":36,"column":4},"end":{"line":36,"column":17}},"29":{"start":{"line":39,"column":21},"end":{"line":43,"column":3}},"30":{"start":{"line":40,"column":4},"end":{"line":42,"column":5}},"31":{"start":{"line":41,"column":6},"end":{"line":41,"column":69}},"32":{"start":{"line":45,"column":22},"end":{"line":49,"column":3}},"33":{"start":{"line":46,"column":4},"end":{"line":48,"column":5}},"34":{"start":{"line":47,"column":6},"end":{"line":47,"column":68}},"35":{"start":{"line":51,"column":27},"end":{"line":53,"column":3}},"36":{"start":{"line":52,"column":4},"end":{"line":52,"column":29}},"37":{"start":{"line":55,"column":2},"end":{"line":177,"column":4}},"38":{"start":{"line":90,"column":25},"end":{"line":90,"column":null}},"39":{"start":{"line":92,"column":12},"end":{"line":94,"column":13}},"40":{"start":{"line":93,"column":14},"end":{"line":93,"column":31}},"41":{"start":{"line":134,"column":46},"end":{"line":148,"column":14}},"42":{"start":{"line":146,"column":31},"end":{"line":146,"column":null}},"43":{"start":{"line":180,"column":0},"end":{"line":180,"column":24}}},"fnMap":{"0":{"name":"(anonymous_14)","decl":{"start":{"line":14,"column":42},"end":{"line":14,"column":43}},"loc":{"start":{"line":14,"column":59},"end":{"line":178,"column":1}}},"1":{"name":"(anonymous_15)","decl":{"start":{"line":20,"column":12},"end":{"line":20,"column":null}},"loc":{"start":{"line":20,"column":12},"end":{"line":37,"column":3}}},"2":{"name":"(anonymous_16)","decl":{"start":{"line":21,"column":23},"end":{"line":21,"column":null}},"loc":{"start":{"line":21,"column":23},"end":{"line":34,"column":6}}},"3":{"name":"(anonymous_19)","decl":{"start":{"line":39,"column":21},"end":{"line":39,"column":null}},"loc":{"start":{"line":39,"column":21},"end":{"line":43,"column":3}}},"4":{"name":"(anonymous_20)","decl":{"start":{"line":45,"column":22},"end":{"line":45,"column":null}},"loc":{"start":{"line":45,"column":22},"end":{"line":49,"column":3}}},"5":{"name":"(anonymous_21)","decl":{"start":{"line":51,"column":27},"end":{"line":51,"column":28}},"loc":{"start":{"line":51,"column":38},"end":{"line":53,"column":3}}},"6":{"name":"(anonymous_22)","decl":{"start":{"line":90,"column":19},"end":{"line":90,"column":25}},"loc":{"start":{"line":90,"column":19},"end":{"line":90,"column":33}}},"7":{"name":"(anonymous_23)","decl":{"start":{"line":91,"column":21},"end":{"line":91,"column":22}},"loc":{"start":{"line":91,"column":23},"end":{"line":95,"column":11}}},"8":{"name":"(anonymous_24)","decl":{"start":{"line":134,"column":27},"end":{"line":134,"column":28}},"loc":{"start":{"line":134,"column":41},"end":{"line":134,"column":null}}},"9":{"name":"(anonymous_25)","decl":{"start":{"line":146,"column":25},"end":{"line":146,"column":31}},"loc":{"start":{"line":146,"column":25},"end":{"line":146,"column":47}}}},"branchMap":{"0":{"loc":{"start":{"line":24,"column":8},"end":{"line":29,"column":9}},"type":"if","locations":[{"start":{"line":24,"column":8},"end":{"line":29,"column":9}},{"start":{"line":26,"column":15},"end":{"line":29,"column":9}}]},"1":{"loc":{"start":{"line":40,"column":4},"end":{"line":42,"column":5}},"type":"if","locations":[{"start":{"line":40,"column":4},"end":{"line":42,"column":5}}]},"2":{"loc":{"start":{"line":46,"column":4},"end":{"line":48,"column":5}},"type":"if","locations":[{"start":{"line":46,"column":4},"end":{"line":48,"column":5}}]},"3":{"loc":{"start":{"line":92,"column":12},"end":{"line":94,"column":13}},"type":"if","locations":[{"start":{"line":92,"column":12},"end":{"line":94,"column":13}}]},"4":{"loc":{"start":{"line":92,"column":16},"end":{"line":92,"column":50}},"type":"binary-expr","locations":[{"start":{"line":92,"column":16},"end":{"line":92,"column":33}},{"start":{"line":92,"column":37},"end":{"line":92,"column":50}}]},"5":{"loc":{"start":{"line":131,"column":11},"end":{"line":155,"column":null}},"type":"cond-expr","locations":[{"start":{"line":132,"column":12},"end":{"line":132,"column":68}},{"start":{"line":133,"column":14},"end":{"line":155,"column":null}}]},"6":{"loc":{"start":{"line":133,"column":14},"end":{"line":155,"column":null}},"type":"cond-expr","locations":[{"start":{"line":134,"column":12},"end":{"line":148,"column":14}},{"start":{"line":150,"column":12},"end":{"line":154,"column":null}}]}},"s":{"0":1,"1":1,"2":1,"3":1,"4":1,"5":1,"6":1,"7":1,"8":16,"9":16,"10":16,"11":16,"12":16,"13":16,"14":16,"15":16,"16":16,"17":16,"18":16,"19":20,"20":10,"21":9,"22":8,"23":3,"24":5,"25":5,"26":1,"27":1,"28":10,"29":16,"30":1,"31":1,"32":16,"33":1,"34":1,"35":16,"36":1,"37":16,"38":1,"39":0,"40":0,"41":10,"42":1,"43":1},"f":{"0":16,"1":10,"2":20,"3":1,"4":1,"5":1,"6":1,"7":0,"8":10,"9":1},"b":{"0":[3,5],"1":[1],"2":[1],"3":[0],"4":[0,0],"5":[2,14],"6":[5,9]}}
,"C:\\Users\\GOURANG CHAUHAN\\Desktop\\Movie_Project\\movie-Explorer\\src\\component\\CrasouleSample\\MovieDetail.tsx": {"path":"C:\\Users\\GOURANG CHAUHAN\\Desktop\\Movie_Project\\movie-Explorer\\src\\component\\CrasouleSample\\MovieDetail.tsx","statementMap":{"0":{"start":{"line":1,"column":0},"end":{"line":1,"column":45}},"1":{"start":{"line":2,"column":0},"end":{"line":2,"column":44}},"2":{"start":{"line":3,"column":0},"end":{"line":3,"column":null}},"3":{"start":{"line":18,"column":0},"end":{"line":18,"column":56}},"4":{"start":{"line":19,"column":0},"end":{"line":19,"column":52}},"5":{"start":{"line":20,"column":0},"end":{"line":20,"column":44}},"6":{"start":{"line":21,"column":0},"end":{"line":21,"column":58}},"7":{"start":{"line":22,"column":0},"end":{"line":22,"column":48}},"8":{"start":{"line":23,"column":0},"end":{"line":23,"column":59}},"9":{"start":{"line":24,"column":0},"end":{"line":24,"column":34}},"10":{"start":{"line":26,"column":20},"end":{"line":613,"column":1}},"11":{"start":{"line":27,"column":17},"end":{"line":27,"column":45}},"12":{"start":{"line":28,"column":28},"end":{"line":28,"column":58}},"13":{"start":{"line":28,"column":14},"end":{"line":28,"column":16}},"14":{"start":{"line":28,"column":24},"end":{"line":28,"column":28}},"15":{"start":{"line":29,"column":32},"end":{"line":29,"column":46}},"16":{"start":{"line":29,"column":16},"end":{"line":29,"column":18}},"17":{"start":{"line":29,"column":28},"end":{"line":29,"column":32}},"18":{"start":{"line":30,"column":28},"end":{"line":30,"column":57}},"19":{"start":{"line":30,"column":14},"end":{"line":30,"column":16}},"20":{"start":{"line":30,"column":24},"end":{"line":30,"column":28}},"21":{"start":{"line":31,"column":30},"end":{"line":31,"column":45}},"22":{"start":{"line":31,"column":15},"end":{"line":31,"column":17}},"23":{"start":{"line":31,"column":26},"end":{"line":31,"column":30}},"24":{"start":{"line":33,"column":16},"end":{"line":33,"column":26}},"25":{"start":{"line":34,"column":19},"end":{"line":34,"column":62}},"26":{"start":{"line":36,"column":2},"end":{"line":63,"column":11}},"27":{"start":{"line":37,"column":22},"end":{"line":59,"column":6}},"28":{"start":{"line":38,"column":6},"end":{"line":42,"column":7}},"29":{"start":{"line":39,"column":8},"end":{"line":39,"column":41}},"30":{"start":{"line":40,"column":8},"end":{"line":40,"column":26}},"31":{"start":{"line":41,"column":8},"end":{"line":41,"column":15}},"32":{"start":{"line":45,"column":26},"end":{"line":45,"column":null}},"33":{"start":{"line":45,"column":14},"end":{"line":45,"column":null}},"34":{"start":{"line":46,"column":8},"end":{"line":52,"column":9}},"35":{"start":{"line":47,"column":10},"end":{"line":47,"column":38}},"36":{"start":{"line":49,"column":10},"end":{"line":49,"column":30}},"37":{"start":{"line":50,"column":10},"end":{"line":50,"column":25}},"38":{"start":{"line":51,"column":10},"end":{"line":51,"column":49}},"39":{"start":{"line":51,"column":27},"end":{"line":51,"column":44}},"40":{"start":{"line":54,"column":8},"end":{"line":54,"column":49}},"41":{"start":{"line":55,"column":8},"end":{"line":55,"column":27}},"42":{"start":{"line":57,"column":8},"end":{"line":57,"column":26}},"43":{"start":{"line":61,"column":4},"end":{"line":61,"column":16}},"44":{"start":{"line":62,"column":4},"end":{"line":62,"column":26}},"45":{"start":{"line":65,"column":2},"end":{"line":84,"column":3}},"46":{"start":{"line":66,"column":4},"end":{"line":83,"column":6}},"47":{"start":{"line":86,"column":2},"end":{"line":92,"column":3}},"48":{"start":{"line":87,"column":4},"end":{"line":91,"column":6}},"49":{"start":{"line":94,"column":2},"end":{"line":612,"column":4}},"50":{"start":{"line":615,"column":0},"end":{"line":615,"column":27}}},"fnMap":{"0":{"name":"(anonymous_14)","decl":{"start":{"line":26,"column":20},"end":{"line":26,"column":null}},"loc":{"start":{"line":26,"column":20},"end":{"line":613,"column":1}}},"1":{"name":"(anonymous_15)","decl":{"start":{"line":36,"column":12},"end":{"line":36,"column":null}},"loc":{"start":{"line":36,"column":12},"end":{"line":63,"column":3}}},"2":{"name":"(anonymous_16)","decl":{"start":{"line":37,"column":22},"end":{"line":37,"column":null}},"loc":{"start":{"line":37,"column":22},"end":{"line":59,"column":6}}},"3":{"name":"(anonymous_19)","decl":{"start":{"line":51,"column":21},"end":{"line":51,"column":27}},"loc":{"start":{"line":51,"column":21},"end":{"line":51,"column":36}}}},"branchMap":{"0":{"loc":{"start":{"line":38,"column":6},"end":{"line":42,"column":7}},"type":"if","locations":[{"start":{"line":38,"column":6},"end":{"line":42,"column":7}}]},"1":{"loc":{"start":{"line":46,"column":8},"end":{"line":52,"column":9}},"type":"if","locations":[{"start":{"line":46,"column":8},"end":{"line":52,"column":9}},{"start":{"line":48,"column":15},"end":{"line":52,"column":9}}]},"2":{"loc":{"start":{"line":65,"column":2},"end":{"line":84,"column":3}},"type":"if","locations":[{"start":{"line":65,"column":2},"end":{"line":84,"column":3}}]},"3":{"loc":{"start":{"line":86,"column":2},"end":{"line":92,"column":3}},"type":"if","locations":[{"start":{"line":86,"column":2},"end":{"line":92,"column":3}}]},"4":{"loc":{"start":{"line":86,"column":6},"end":{"line":86,"column":21}},"type":"binary-expr","locations":[{"start":{"line":86,"column":6},"end":{"line":86,"column":11}},{"start":{"line":86,"column":15},"end":{"line":86,"column":21}}]},"5":{"loc":{"start":{"line":89,"column":21},"end":{"line":89,"column":55}},"type":"binary-expr","locations":[{"start":{"line":89,"column":21},"end":{"line":89,"column":26}},{"start":{"line":89,"column":30},"end":{"line":89,"column":55}}]},"6":{"loc":{"start":{"line":109,"column":32},"end":{"line":109,"column":61}},"type":"cond-expr","locations":[{"start":{"line":109,"column":43},"end":{"line":109,"column":51}},{"start":{"line":109,"column":54},"end":{"line":109,"column":61}}]},"7":{"loc":{"start":{"line":120,"column":31},"end":{"line":120,"column":58}},"type":"cond-expr","locations":[{"start":{"line":120,"column":42},"end":{"line":120,"column":50}},{"start":{"line":120,"column":53},"end":{"line":120,"column":58}}]},"8":{"loc":{"start":{"line":121,"column":28},"end":{"line":121,"column":62}},"type":"cond-expr","locations":[{"start":{"line":121,"column":39},"end":{"line":121,"column":47}},{"start":{"line":121,"column":50},"end":{"line":121,"column":62}}]},"9":{"loc":{"start":{"line":126,"column":20},"end":{"line":126,"column":36}},"type":"cond-expr","locations":[{"start":{"line":126,"column":31},"end":{"line":126,"column":32}},{"start":{"line":126,"column":35},"end":{"line":126,"column":36}}]},"10":{"loc":{"start":{"line":127,"column":20},"end":{"line":127,"column":36}},"type":"cond-expr","locations":[{"start":{"line":127,"column":31},"end":{"line":127,"column":32}},{"start":{"line":127,"column":35},"end":{"line":127,"column":36}}]},"11":{"loc":{"start":{"line":128,"column":23},"end":{"line":128,"column":49}},"type":"cond-expr","locations":[{"start":{"line":128,"column":34},"end":{"line":128,"column":40}},{"start":{"line":128,"column":43},"end":{"line":128,"column":49}}]},"12":{"loc":{"start":{"line":130,"column":32},"end":{"line":130,"column":66}},"type":"cond-expr","locations":[{"start":{"line":130,"column":43},"end":{"line":130,"column":51}},{"start":{"line":130,"column":54},"end":{"line":130,"column":66}}]},"13":{"loc":{"start":{"line":142,"column":29},"end":{"line":142,"column":51}},"type":"cond-expr","locations":[{"start":{"line":142,"column":40},"end":{"line":142,"column":45}},{"start":{"line":142,"column":48},"end":{"line":142,"column":51}}]},"14":{"loc":{"start":{"line":146,"column":30},"end":{"line":146,"column":53}},"type":"cond-expr","locations":[{"start":{"line":146,"column":41},"end":{"line":146,"column":49}},{"start":{"line":146,"column":52},"end":{"line":146,"column":53}}]},"15":{"loc":{"start":{"line":154,"column":27},"end":{"line":154,"column":49}},"type":"cond-expr","locations":[{"start":{"line":154,"column":38},"end":{"line":154,"column":42}},{"start":{"line":154,"column":45},"end":{"line":154,"column":49}}]},"16":{"loc":{"start":{"line":158,"column":31},"end":{"line":158,"column":59}},"type":"cond-expr","locations":[{"start":{"line":158,"column":42},"end":{"line":158,"column":50}},{"start":{"line":158,"column":53},"end":{"line":158,"column":59}}]},"17":{"loc":{"start":{"line":174,"column":36},"end":{"line":174,"column":70}},"type":"cond-expr","locations":[{"start":{"line":174,"column":47},"end":{"line":174,"column":55}},{"start":{"line":174,"column":58},"end":{"line":174,"column":70}}]},"18":{"loc":{"start":{"line":187,"column":34},"end":{"line":187,"column":68}},"type":"cond-expr","locations":[{"start":{"line":187,"column":45},"end":{"line":187,"column":53}},{"start":{"line":187,"column":56},"end":{"line":187,"column":68}}]},"19":{"loc":{"start":{"line":213,"column":34},"end":{"line":213,"column":68}},"type":"cond-expr","locations":[{"start":{"line":213,"column":45},"end":{"line":213,"column":53}},{"start":{"line":213,"column":56},"end":{"line":213,"column":68}}]},"20":{"loc":{"start":{"line":218,"column":27},"end":{"line":218,"column":47}},"type":"binary-expr","locations":[{"start":{"line":218,"column":27},"end":{"line":218,"column":38}},{"start":{"line":218,"column":42},"end":{"line":218,"column":47}}]},"21":{"loc":{"start":{"line":232,"column":27},"end":{"line":232,"column":60}},"type":"binary-expr","locations":[{"start":{"line":232,"column":27},"end":{"line":232,"column":51}},{"start":{"line":232,"column":55},"end":{"line":232,"column":60}}]},"22":{"loc":{"start":{"line":252,"column":31},"end":{"line":252,"column":59}},"type":"cond-expr","locations":[{"start":{"line":252,"column":42},"end":{"line":252,"column":50}},{"start":{"line":252,"column":53},"end":{"line":252,"column":59}}]},"23":{"loc":{"start":{"line":256,"column":24},"end":{"line":256,"column":45}},"type":"cond-expr","locations":[{"start":{"line":256,"column":35},"end":{"line":256,"column":41}},{"start":{"line":256,"column":44},"end":{"line":256,"column":45}}]},"24":{"loc":{"start":{"line":264,"column":47},"end":{"line":264,"column":75}},"type":"cond-expr","locations":[{"start":{"line":264,"column":58},"end":{"line":264,"column":66}},{"start":{"line":264,"column":69},"end":{"line":264,"column":75}}]},"25":{"loc":{"start":{"line":265,"column":48},"end":{"line":265,"column":71}},"type":"binary-expr","locations":[{"start":{"line":265,"column":48},"end":{"line":265,"column":62}},{"start":{"line":265,"column":66},"end":{"line":265,"column":71}}]},"26":{"loc":{"start":{"line":267,"column":47},"end":{"line":267,"column":75}},"type":"cond-expr","locations":[{"start":{"line":267,"column":58},"end":{"line":267,"column":66}},{"start":{"line":267,"column":69},"end":{"line":267,"column":75}}]},"27":{"loc":{"start":{"line":268,"column":44},"end":{"line":268,"column":68}},"type":"binary-expr","locations":[{"start":{"line":268,"column":44},"end":{"line":268,"column":59}},{"start":{"line":268,"column":63},"end":{"line":268,"column":68}}]},"28":{"loc":{"start":{"line":273,"column":29},"end":{"line":273,"column":56}},"type":"cond-expr","locations":[{"start":{"line":273,"column":40},"end":{"line":273,"column":48}},{"start":{"line":273,"column":51},"end":{"line":273,"column":56}}]},"29":{"loc":{"start":{"line":278,"column":36},"end":{"line":278,"column":70}},"type":"cond-expr","locations":[{"start":{"line":278,"column":47},"end":{"line":278,"column":55}},{"start":{"line":278,"column":58},"end":{"line":278,"column":70}}]},"30":{"loc":{"start":{"line":293,"column":32},"end":{"line":293,"column":59}},"type":"cond-expr","locations":[{"start":{"line":293,"column":43},"end":{"line":293,"column":49}},{"start":{"line":293,"column":52},"end":{"line":293,"column":59}}]},"31":{"loc":{"start":{"line":336,"column":35},"end":{"line":336,"column":63}},"type":"cond-expr","locations":[{"start":{"line":336,"column":46},"end":{"line":336,"column":54}},{"start":{"line":336,"column":57},"end":{"line":336,"column":63}}]},"32":{"loc":{"start":{"line":382,"column":29},"end":{"line":382,"column":52}},"type":"binary-expr","locations":[{"start":{"line":382,"column":29},"end":{"line":382,"column":43}},{"start":{"line":382,"column":47},"end":{"line":382,"column":52}}]},"33":{"loc":{"start":{"line":425,"column":29},"end":{"line":425,"column":53}},"type":"binary-expr","locations":[{"start":{"line":425,"column":29},"end":{"line":425,"column":44}},{"start":{"line":425,"column":48},"end":{"line":425,"column":53}}]},"34":{"loc":{"start":{"line":468,"column":29},"end":{"line":468,"column":62}},"type":"binary-expr","locations":[{"start":{"line":468,"column":29},"end":{"line":468,"column":53}},{"start":{"line":468,"column":57},"end":{"line":468,"column":62}}]},"35":{"loc":{"start":{"line":499,"column":35},"end":{"line":499,"column":63}},"type":"cond-expr","locations":[{"start":{"line":499,"column":46},"end":{"line":499,"column":54}},{"start":{"line":499,"column":57},"end":{"line":499,"column":63}}]},"36":{"loc":{"start":{"line":508,"column":37},"end":{"line":508,"column":56}},"type":"binary-expr","locations":[{"start":{"line":508,"column":37},"end":{"line":508,"column":47}},{"start":{"line":508,"column":51},"end":{"line":508,"column":56}}]},"37":{"loc":{"start":{"line":513,"column":37},"end":{"line":513,"column":60}},"type":"binary-expr","locations":[{"start":{"line":513,"column":37},"end":{"line":513,"column":51}},{"start":{"line":513,"column":55},"end":{"line":513,"column":60}}]},"38":{"loc":{"start":{"line":518,"column":34},"end":{"line":518,"column":54}},"type":"binary-expr","locations":[{"start":{"line":518,"column":34},"end":{"line":518,"column":45}},{"start":{"line":518,"column":49},"end":{"line":518,"column":54}}]},"39":{"loc":{"start":{"line":523,"column":40},"end":{"line":523,"column":65}},"type":"binary-expr","locations":[{"start":{"line":523,"column":40},"end":{"line":523,"column":56}},{"start":{"line":523,"column":60},"end":{"line":523,"column":65}}]},"40":{"loc":{"start":{"line":549,"column":31},"end":{"line":549,"column":59}},"type":"cond-expr","locations":[{"start":{"line":549,"column":42},"end":{"line":549,"column":50}},{"start":{"line":549,"column":53},"end":{"line":549,"column":59}}]},"41":{"loc":{"start":{"line":559,"column":31},"end":{"line":559,"column":59}},"type":"cond-expr","locations":[{"start":{"line":559,"column":42},"end":{"line":559,"column":50}},{"start":{"line":559,"column":53},"end":{"line":559,"column":59}}]},"42":{"loc":{"start":{"line":586,"column":31},"end":{"line":586,"column":59}},"type":"cond-expr","locations":[{"start":{"line":586,"column":42},"end":{"line":586,"column":50}},{"start":{"line":586,"column":53},"end":{"line":586,"column":59}}]},"43":{"loc":{"start":{"line":597,"column":36},"end":{"line":597,"column":70}},"type":"cond-expr","locations":[{"start":{"line":597,"column":47},"end":{"line":597,"column":55}},{"start":{"line":597,"column":58},"end":{"line":597,"column":70}}]}},"s":{"0":1,"1":1,"2":1,"3":1,"4":1,"5":1,"6":1,"7":1,"8":1,"9":1,"10":1,"11":17,"12":17,"13":17,"14":17,"15":17,"16":17,"17":17,"18":17,"19":17,"20":17,"21":17,"22":17,"23":17,"24":17,"25":17,"26":17,"27":16,"28":8,"29":1,"30":1,"31":1,"32":7,"33":5,"34":4,"35":1,"36":3,"37":3,"38":3,"39":3,"40":1,"41":1,"42":5,"43":8,"44":8,"45":17,"46":8,"47":9,"48":3,"49":6,"50":1},"f":{"0":17,"1":8,"2":16,"3":3},"b":{"0":[1],"1":[1,3],"2":[8],"3":[3],"4":[9,6],"5":[3,0],"6":[2,4],"7":[2,4],"8":[2,4],"9":[2,4],"10":[2,4],"11":[2,4],"12":[2,4],"13":[2,4],"14":[2,4],"15":[2,4],"16":[2,4],"17":[2,4],"18":[2,4],"19":[2,4],"20":[6,0],"21":[6,0],"22":[2,4],"23":[2,4],"24":[2,4],"25":[6,0],"26":[2,4],"27":[6,0],"28":[2,4],"29":[2,4],"30":[2,4],"31":[2,4],"32":[6,0],"33":[6,0],"34":[6,0],"35":[2,4],"36":[6,0],"37":[6,0],"38":[6,0],"39":[6,0],"40":[2,4],"41":[2,4],"42":[2,4],"43":[2,4]}}
,"C:\\Users\\GOURANG CHAUHAN\\Desktop\\Movie_Project\\movie-Explorer\\src\\component\\CrasouleSample\\MovieItem.tsx": {"path":"C:\\Users\\GOURANG CHAUHAN\\Desktop\\Movie_Project\\movie-Explorer\\src\\component\\CrasouleSample\\MovieItem.tsx","statementMap":{"0":{"start":{"line":1,"column":0},"end":{"line":1,"column":44}},"1":{"start":{"line":2,"column":0},"end":{"line":2,"column":61}},"2":{"start":{"line":3,"column":0},"end":{"line":3,"column":48}},"3":{"start":{"line":4,"column":0},"end":{"line":4,"column":52}},"4":{"start":{"line":5,"column":0},"end":{"line":5,"column":47}},"5":{"start":{"line":6,"column":0},"end":{"line":6,"column":47}},"6":{"start":{"line":7,"column":0},"end":{"line":7,"column":42}},"7":{"start":{"line":22,"column":44},"end":{"line":183,"column":1}},"8":{"start":{"line":23,"column":4},"end":{"line":23,"column":null}},"9":{"start":{"line":24,"column":7},"end":{"line":24,"column":null}},"10":{"start":{"line":25,"column":7},"end":{"line":25,"column":null}},"11":{"start":{"line":26,"column":8},"end":{"line":26,"column":null}},"12":{"start":{"line":27,"column":6},"end":{"line":27,"column":null}},"13":{"start":{"line":28,"column":10},"end":{"line":28,"column":null}},"14":{"start":{"line":29,"column":20},"end":{"line":29,"column":null}},"15":{"start":{"line":30,"column":9},"end":{"line":30,"column":null}},"16":{"start":{"line":31,"column":9},"end":{"line":31,"column":null}},"17":{"start":{"line":33,"column":42},"end":{"line":33,"column":66}},"18":{"start":{"line":33,"column":21},"end":{"line":33,"column":23}},"19":{"start":{"line":33,"column":38},"end":{"line":33,"column":42}},"20":{"start":{"line":34,"column":36},"end":{"line":34,"column":60}},"21":{"start":{"line":34,"column":18},"end":{"line":34,"column":20}},"22":{"start":{"line":34,"column":32},"end":{"line":34,"column":36}},"23":{"start":{"line":35,"column":19},"end":{"line":35,"column":32}},"24":{"start":{"line":37,"column":2},"end":{"line":48,"column":9}},"25":{"start":{"line":38,"column":23},"end":{"line":38,"column":62}},"26":{"start":{"line":39,"column":4},"end":{"line":47,"column":5}},"27":{"start":{"line":40,"column":6},"end":{"line":46,"column":7}},"28":{"start":{"line":41,"column":25},"end":{"line":41,"column":47}},"29":{"start":{"line":42,"column":8},"end":{"line":42,"column":56}},"30":{"start":{"line":44,"column":8},"end":{"line":44,"column":64}},"31":{"start":{"line":45,"column":8},"end":{"line":45,"column":31}},"32":{"start":{"line":50,"column":26},"end":{"line":53,"column":3}},"33":{"start":{"line":51,"column":4},"end":{"line":51,"column":24}},"34":{"start":{"line":52,"column":4},"end":{"line":52,"column":29}},"35":{"start":{"line":55,"column":28},"end":{"line":67,"column":4}},"36":{"start":{"line":55,"column":54},"end":{"line":67,"column":4}},"37":{"start":{"line":56,"column":4},"end":{"line":56,"column":24}},"38":{"start":{"line":58,"column":8},"end":{"line":58,"column":14}},"39":{"start":{"line":60,"column":8},"end":{"line":60,"column":30}},"40":{"start":{"line":61,"column":8},"end":{"line":61,"column":56}},"41":{"start":{"line":63,"column":8},"end":{"line":63,"column":69}},"42":{"start":{"line":64,"column":8},"end":{"line":64,"column":59}},"43":{"start":{"line":69,"column":2},"end":{"line":182,"column":4}},"44":{"start":{"line":79,"column":26},"end":{"line":79,"column":null}},"45":{"start":{"line":80,"column":26},"end":{"line":80,"column":null}},"46":{"start":{"line":185,"column":0},"end":{"line":185,"column":25}}},"fnMap":{"0":{"name":"(anonymous_14)","decl":{"start":{"line":22,"column":44},"end":{"line":22,"column":45}},"loc":{"start":{"line":32,"column":1},"end":{"line":183,"column":1}}},"1":{"name":"(anonymous_15)","decl":{"start":{"line":37,"column":12},"end":{"line":37,"column":null}},"loc":{"start":{"line":37,"column":12},"end":{"line":48,"column":3}}},"2":{"name":"(anonymous_16)","decl":{"start":{"line":50,"column":26},"end":{"line":50,"column":27}},"loc":{"start":{"line":50,"column":46},"end":{"line":53,"column":3}}},"3":{"name":"(anonymous_17)","decl":{"start":{"line":55,"column":28},"end":{"line":55,"column":35}},"loc":{"start":{"line":55,"column":54},"end":{"line":67,"column":4}}},"4":{"name":"(anonymous_18)","decl":{"start":{"line":55,"column":54},"end":{"line":55,"column":null}},"loc":{"start":{"line":55,"column":54},"end":{"line":67,"column":4}}},"5":{"name":"(anonymous_20)","decl":{"start":{"line":79,"column":20},"end":{"line":79,"column":26}},"loc":{"start":{"line":79,"column":20},"end":{"line":79,"column":38}}},"6":{"name":"(anonymous_21)","decl":{"start":{"line":80,"column":20},"end":{"line":80,"column":26}},"loc":{"start":{"line":80,"column":20},"end":{"line":80,"column":38}}}},"branchMap":{"0":{"loc":{"start":{"line":39,"column":4},"end":{"line":47,"column":5}},"type":"if","locations":[{"start":{"line":39,"column":4},"end":{"line":47,"column":5}}]},"1":{"loc":{"start":{"line":58,"column":8},"end":{"line":58,"column":14}},"type":"if","locations":[{"start":{"line":58,"column":8},"end":{"line":58,"column":14}}]},"2":{"loc":{"start":{"line":97,"column":7},"end":{"line":113,"column":null}},"type":"binary-expr","locations":[{"start":{"line":97,"column":7},"end":{"line":97,"column":14}},{"start":{"line":98,"column":8},"end":{"line":112,"column":null}}]},"3":{"loc":{"start":{"line":115,"column":7},"end":{"line":153,"column":null}},"type":"binary-expr","locations":[{"start":{"line":115,"column":7},"end":{"line":115,"column":19}},{"start":{"line":116,"column":8},"end":{"line":152,"column":null}}]},"4":{"loc":{"start":{"line":144,"column":23},"end":{"line":144,"column":40}},"type":"cond-expr","locations":[{"start":{"line":144,"column":35},"end":{"line":144,"column":36}},{"start":{"line":144,"column":39},"end":{"line":144,"column":40}}]}},"s":{"0":1,"1":1,"2":1,"3":1,"4":1,"5":1,"6":1,"7":1,"8":13,"9":13,"10":13,"11":13,"12":13,"13":13,"14":13,"15":13,"16":13,"17":13,"18":13,"19":13,"20":13,"21":13,"22":13,"23":13,"24":13,"25":8,"26":8,"27":5,"28":5,"29":4,"30":1,"31":1,"32":13,"33":0,"34":0,"35":13,"36":2,"37":2,"38":2,"39":4,"40":1,"41":1,"42":1,"43":13,"44":1,"45":1,"46":1},"f":{"0":13,"1":8,"2":0,"3":2,"4":2,"5":1,"6":1},"b":{"0":[5],"1":[0],"2":[13,1],"3":[13,5],"4":[1,4]}}
,"C:\\Users\\GOURANG CHAUHAN\\Desktop\\Movie_Project\\movie-Explorer\\src\\component\\CrasouleSample\\MoviesListCheck.tsx": {"path":"C:\\Users\\GOURANG CHAUHAN\\Desktop\\Movie_Project\\movie-Explorer\\src\\component\\CrasouleSample\\MoviesListCheck.tsx","statementMap":{"0":{"start":{"line":1,"column":0},"end":{"line":1,"column":51}},"1":{"start":{"line":2,"column":0},"end":{"line":2,"column":47}},"2":{"start":{"line":3,"column":0},"end":{"line":3,"column":38}},"3":{"start":{"line":4,"column":0},"end":{"line":4,"column":38}},"4":{"start":{"line":5,"column":0},"end":{"line":5,"column":66}},"5":{"start":{"line":6,"column":0},"end":{"line":6,"column":36}},"6":{"start":{"line":7,"column":0},"end":{"line":7,"column":56}},"7":{"start":{"line":8,"column":0},"end":{"line":8,"column":42}},"8":{"start":{"line":10,"column":34},"end":{"line":113,"column":1}},"9":{"start":{"line":11,"column":30},"end":{"line":11,"column":53}},"10":{"start":{"line":11,"column":15},"end":{"line":11,"column":17}},"11":{"start":{"line":11,"column":26},"end":{"line":11,"column":30}},"12":{"start":{"line":12,"column":46},"end":{"line":12,"column":69}},"13":{"start":{"line":12,"column":23},"end":{"line":12,"column":25}},"14":{"start":{"line":12,"column":42},"end":{"line":12,"column":46}},"15":{"start":{"line":13,"column":40},"end":{"line":13,"column":60}},"16":{"start":{"line":13,"column":20},"end":{"line":13,"column":22}},"17":{"start":{"line":13,"column":36},"end":{"line":13,"column":40}},"18":{"start":{"line":14,"column":32},"end":{"line":14,"column":55}},"19":{"start":{"line":14,"column":16},"end":{"line":14,"column":18}},"20":{"start":{"line":14,"column":28},"end":{"line":14,"column":32}},"21":{"start":{"line":15,"column":28},"end":{"line":15,"column":57}},"22":{"start":{"line":15,"column":14},"end":{"line":15,"column":16}},"23":{"start":{"line":15,"column":24},"end":{"line":15,"column":28}},"24":{"start":{"line":16,"column":19},"end":{"line":16,"column":32}},"25":{"start":{"line":18,"column":2},"end":{"line":33,"column":9}},"26":{"start":{"line":19,"column":23},"end":{"line":30,"column":6}},"27":{"start":{"line":21,"column":21},"end":{"line":21,"column":null}},"28":{"start":{"line":21,"column":14},"end":{"line":21,"column":null}},"29":{"start":{"line":22,"column":8},"end":{"line":22,"column":24}},"30":{"start":{"line":23,"column":8},"end":{"line":23,"column":32}},"31":{"start":{"line":24,"column":8},"end":{"line":24,"column":23}},"32":{"start":{"line":26,"column":8},"end":{"line":26,"column":51}},"33":{"start":{"line":28,"column":8},"end":{"line":28,"column":26}},"34":{"start":{"line":32,"column":4},"end":{"line":32,"column":17}},"35":{"start":{"line":35,"column":2},"end":{"line":40,"column":28}},"36":{"start":{"line":36,"column":21},"end":{"line":37,"column":null}},"37":{"start":{"line":37,"column":6},"end":{"line":37,"column":null}},"38":{"start":{"line":39,"column":4},"end":{"line":39,"column":32}},"39":{"start":{"line":42,"column":29},"end":{"line":44,"column":3}},"40":{"start":{"line":43,"column":4},"end":{"line":43,"column":39}},"41":{"start":{"line":46,"column":2},"end":{"line":53,"column":3}},"42":{"start":{"line":47,"column":4},"end":{"line":52,"column":6}},"43":{"start":{"line":55,"column":2},"end":{"line":61,"column":3}},"44":{"start":{"line":56,"column":4},"end":{"line":60,"column":6}},"45":{"start":{"line":63,"column":2},"end":{"line":112,"column":4}},"46":{"start":{"line":88,"column":42},"end":{"line":102,"column":14}},"47":{"start":{"line":100,"column":31},"end":{"line":100,"column":null}},"48":{"start":{"line":115,"column":0},"end":{"line":115,"column":31}}},"fnMap":{"0":{"name":"(anonymous_23)","decl":{"start":{"line":10,"column":34},"end":{"line":10,"column":null}},"loc":{"start":{"line":10,"column":34},"end":{"line":113,"column":1}}},"1":{"name":"(anonymous_24)","decl":{"start":{"line":18,"column":12},"end":{"line":18,"column":null}},"loc":{"start":{"line":18,"column":12},"end":{"line":33,"column":3}}},"2":{"name":"(anonymous_25)","decl":{"start":{"line":19,"column":23},"end":{"line":19,"column":null}},"loc":{"start":{"line":19,"column":23},"end":{"line":30,"column":6}}},"3":{"name":"(anonymous_28)","decl":{"start":{"line":35,"column":12},"end":{"line":35,"column":null}},"loc":{"start":{"line":35,"column":12},"end":{"line":40,"column":3}}},"4":{"name":"(anonymous_29)","decl":{"start":{"line":36,"column":35},"end":{"line":36,"column":40}},"loc":{"start":{"line":36,"column":40},"end":{"line":37,"column":11}}},"5":{"name":"(anonymous_30)","decl":{"start":{"line":42,"column":29},"end":{"line":42,"column":30}},"loc":{"start":{"line":42,"column":72},"end":{"line":44,"column":3}}},"6":{"name":"(anonymous_31)","decl":{"start":{"line":88,"column":31},"end":{"line":88,"column":32}},"loc":{"start":{"line":88,"column":37},"end":{"line":88,"column":null}}},"7":{"name":"(anonymous_32)","decl":{"start":{"line":100,"column":25},"end":{"line":100,"column":31}},"loc":{"start":{"line":100,"column":25},"end":{"line":100,"column":39}}}},"branchMap":{"0":{"loc":{"start":{"line":26,"column":17},"end":{"line":26,"column":49}},"type":"binary-expr","locations":[{"start":{"line":26,"column":17},"end":{"line":26,"column":28}},{"start":{"line":26,"column":32},"end":{"line":26,"column":49}}]},"1":{"loc":{"start":{"line":46,"column":2},"end":{"line":53,"column":3}},"type":"if","locations":[{"start":{"line":46,"column":2},"end":{"line":53,"column":3}}]},"2":{"loc":{"start":{"line":55,"column":2},"end":{"line":61,"column":3}},"type":"if","locations":[{"start":{"line":55,"column":2},"end":{"line":61,"column":3}}]},"3":{"loc":{"start":{"line":87,"column":11},"end":{"line":106,"column":null}},"type":"cond-expr","locations":[{"start":{"line":88,"column":12},"end":{"line":102,"column":14}},{"start":{"line":104,"column":12},"end":{"line":105,"column":null}}]},"4":{"loc":{"start":{"line":98,"column":36},"end":{"line":98,"column":69}},"type":"binary-expr","locations":[{"start":{"line":98,"column":36},"end":{"line":98,"column":60}},{"start":{"line":98,"column":64},"end":{"line":98,"column":69}}]},"5":{"loc":{"start":{"line":105,"column":15},"end":{"line":105,"column":96}},"type":"cond-expr","locations":[{"start":{"line":105,"column":29},"end":{"line":105,"column":72}},{"start":{"line":105,"column":75},"end":{"line":105,"column":96}}]}},"s":{"0":1,"1":1,"2":1,"3":1,"4":1,"5":1,"6":1,"7":1,"8":1,"9":27,"10":27,"11":27,"12":27,"13":27,"14":27,"15":27,"16":27,"17":27,"18":27,"19":27,"20":27,"21":27,"22":27,"23":27,"24":27,"25":27,"26":16,"27":8,"28":7,"29":6,"30":6,"31":6,"32":1,"33":7,"34":8,"35":27,"36":16,"37":14,"38":16,"39":27,"40":2,"41":27,"42":16,"43":11,"44":1,"45":10,"46":15,"47":1,"48":1},"f":{"0":27,"1":8,"2":16,"3":16,"4":14,"5":2,"6":15,"7":1},"b":{"0":[1,0],"1":[16],"2":[1],"3":[8,2],"4":[15,0],"5":[1,1]}}
,"C:\\Users\\GOURANG CHAUHAN\\Desktop\\Movie_Project\\movie-Explorer\\src\\component\\Pages\\AdminPage.tsx": {"path":"C:\\Users\\GOURANG CHAUHAN\\Desktop\\Movie_Project\\movie-Explorer\\src\\component\\Pages\\AdminPage.tsx","statementMap":{"0":{"start":{"line":2,"column":0},"end":{"line":2,"column":51}},"1":{"start":{"line":3,"column":0},"end":{"line":3,"column":58}},"2":{"start":{"line":4,"column":0},"end":{"line":4,"column":null}},"3":{"start":{"line":14,"column":0},"end":{"line":14,"column":55}},"4":{"start":{"line":15,"column":0},"end":{"line":15,"column":60}},"5":{"start":{"line":16,"column":0},"end":{"line":16,"column":26}},"6":{"start":{"line":49,"column":21},"end":{"line":75,"column":2}},"7":{"start":{"line":49,"column":38},"end":{"line":75,"column":2}},"8":{"start":{"line":51,"column":10},"end":{"line":51,"column":48}},"9":{"start":{"line":52,"column":4},"end":{"line":54,"column":5}},"10":{"start":{"line":53,"column":6},"end":{"line":53,"column":55}},"11":{"start":{"line":55,"column":21},"end":{"line":61,"column":null}},"12":{"start":{"line":55,"column":10},"end":{"line":61,"column":null}},"13":{"start":{"line":63,"column":4},"end":{"line":63,"column":48}},"14":{"start":{"line":65,"column":10},"end":{"line":65,"column":81}},"15":{"start":{"line":66,"column":4},"end":{"line":68,"column":5}},"16":{"start":{"line":67,"column":6},"end":{"line":67,"column":58}},"17":{"start":{"line":70,"column":4},"end":{"line":70,"column":30}},"18":{"start":{"line":72,"column":4},"end":{"line":72,"column":58}},"19":{"start":{"line":73,"column":4},"end":{"line":73,"column":16}},"20":{"start":{"line":77,"column":28},"end":{"line":527,"column":1}},"21":{"start":{"line":78,"column":19},"end":{"line":78,"column":32}},"22":{"start":{"line":79,"column":17},"end":{"line":79,"column":45}},"23":{"start":{"line":80,"column":21},"end":{"line":80,"column":25}},"24":{"start":{"line":82,"column":34},"end":{"line":95,"column":4}},"25":{"start":{"line":82,"column":17},"end":{"line":82,"column":19}},"26":{"start":{"line":82,"column":30},"end":{"line":82,"column":34}},"27":{"start":{"line":97,"column":2},"end":{"line":130,"column":33}},"28":{"start":{"line":98,"column":18},"end":{"line":98,"column":47}},"29":{"start":{"line":99,"column":4},"end":{"line":103,"column":5}},"30":{"start":{"line":100,"column":6},"end":{"line":100,"column":62}},"31":{"start":{"line":101,"column":6},"end":{"line":101,"column":20}},"32":{"start":{"line":102,"column":6},"end":{"line":102,"column":13}},"33":{"start":{"line":105,"column":4},"end":{"line":129,"column":5}},"34":{"start":{"line":106,"column":25},"end":{"line":127,"column":8}},"35":{"start":{"line":107,"column":22},"end":{"line":107,"column":null}},"36":{"start":{"line":107,"column":14},"end":{"line":107,"column":null}},"37":{"start":{"line":108,"column":8},"end":{"line":126,"column":9}},"38":{"start":{"line":109,"column":10},"end":{"line":122,"column":13}},"39":{"start":{"line":124,"column":10},"end":{"line":124,"column":66}},"40":{"start":{"line":125,"column":10},"end":{"line":125,"column":33}},"41":{"start":{"line":128,"column":6},"end":{"line":128,"column":19}},"42":{"start":{"line":132,"column":23},"end":{"line":135,"column":3}},"43":{"start":{"line":133,"column":28},"end":{"line":133,"column":36}},"44":{"start":{"line":133,"column":16},"end":{"line":133,"column":18}},"45":{"start":{"line":133,"column":23},"end":{"line":133,"column":28}},"46":{"start":{"line":134,"column":4},"end":{"line":134,"column":56}},"47":{"start":{"line":134,"column":26},"end":{"line":134,"column":55}},"48":{"start":{"line":137,"column":27},"end":{"line":142,"column":3}},"49":{"start":{"line":138,"column":28},"end":{"line":138,"column":36}},"50":{"start":{"line":138,"column":16},"end":{"line":138,"column":18}},"51":{"start":{"line":138,"column":23},"end":{"line":138,"column":28}},"52":{"start":{"line":139,"column":4},"end":{"line":141,"column":5}},"53":{"start":{"line":140,"column":6},"end":{"line":140,"column":61}},"54":{"start":{"line":140,"column":28},"end":{"line":140,"column":60}},"55":{"start":{"line":144,"column":31},"end":{"line":146,"column":3}},"56":{"start":{"line":145,"column":4},"end":{"line":145,"column":70}},"57":{"start":{"line":145,"column":26},"end":{"line":145,"column":69}},"58":{"start":{"line":148,"column":23},"end":{"line":194,"column":4}},"59":{"start":{"line":148,"column":48},"end":{"line":194,"column":4}},"60":{"start":{"line":149,"column":4},"end":{"line":149,"column":23}},"61":{"start":{"line":151,"column":10},"end":{"line":151,"column":16}},"62":{"start":{"line":152,"column":10},"end":{"line":152,"column":20}},"63":{"start":{"line":153,"column":16},"end":{"line":153,"column":56}},"64":{"start":{"line":153,"column":8},"end":{"line":153,"column":56}},"65":{"start":{"line":154,"column":8},"end":{"line":164,"column":9}},"66":{"start":{"line":155,"column":10},"end":{"line":163,"column":13}},"67":{"start":{"line":166,"column":16},"end":{"line":166,"column":44}},"68":{"start":{"line":166,"column":8},"end":{"line":166,"column":44}},"69":{"start":{"line":167,"column":8},"end":{"line":177,"column":9}},"70":{"start":{"line":168,"column":10},"end":{"line":176,"column":13}},"71":{"start":{"line":179,"column":6},"end":{"line":181,"column":7}},"72":{"start":{"line":180,"column":8},"end":{"line":180,"column":25}},"73":{"start":{"line":183,"column":6},"end":{"line":183,"column":50}},"74":{"start":{"line":184,"column":6},"end":{"line":192,"column":9}},"75":{"start":{"line":196,"column":23},"end":{"line":198,"column":3}},"76":{"start":{"line":197,"column":4},"end":{"line":197,"column":22}},"77":{"start":{"line":200,"column":2},"end":{"line":526,"column":4}},"78":{"start":{"line":529,"column":0},"end":{"line":529,"column":25}}},"fnMap":{"0":{"name":"(anonymous_25)","decl":{"start":{"line":49,"column":21},"end":{"line":49,"column":28}},"loc":{"start":{"line":49,"column":38},"end":{"line":75,"column":2}}},"1":{"name":"(anonymous_26)","decl":{"start":{"line":49,"column":48},"end":{"line":49,"column":null}},"loc":{"start":{"line":49,"column":48},"end":{"line":75,"column":2}}},"2":{"name":"(anonymous_28)","decl":{"start":{"line":77,"column":28},"end":{"line":77,"column":null}},"loc":{"start":{"line":77,"column":28},"end":{"line":527,"column":1}}},"3":{"name":"(anonymous_29)","decl":{"start":{"line":97,"column":12},"end":{"line":97,"column":null}},"loc":{"start":{"line":97,"column":12},"end":{"line":130,"column":3}}},"4":{"name":"(anonymous_30)","decl":{"start":{"line":106,"column":25},"end":{"line":106,"column":null}},"loc":{"start":{"line":106,"column":25},"end":{"line":127,"column":8}}},"5":{"name":"(anonymous_33)","decl":{"start":{"line":132,"column":23},"end":{"line":132,"column":24}},"loc":{"start":{"line":132,"column":84},"end":{"line":135,"column":3}}},"6":{"name":"(anonymous_34)","decl":{"start":{"line":134,"column":16},"end":{"line":134,"column":17}},"loc":{"start":{"line":134,"column":21},"end":{"line":134,"column":32}}},"7":{"name":"(anonymous_35)","decl":{"start":{"line":137,"column":27},"end":{"line":137,"column":28}},"loc":{"start":{"line":137,"column":66},"end":{"line":142,"column":3}}},"8":{"name":"(anonymous_36)","decl":{"start":{"line":140,"column":18},"end":{"line":140,"column":19}},"loc":{"start":{"line":140,"column":23},"end":{"line":140,"column":34}}},"9":{"name":"(anonymous_37)","decl":{"start":{"line":144,"column":31},"end":{"line":144,"column":32}},"loc":{"start":{"line":144,"column":70},"end":{"line":146,"column":3}}},"10":{"name":"(anonymous_38)","decl":{"start":{"line":145,"column":16},"end":{"line":145,"column":17}},"loc":{"start":{"line":145,"column":21},"end":{"line":145,"column":32}}},"11":{"name":"(anonymous_39)","decl":{"start":{"line":148,"column":23},"end":{"line":148,"column":30}},"loc":{"start":{"line":148,"column":48},"end":{"line":194,"column":4}}},"12":{"name":"(anonymous_40)","decl":{"start":{"line":148,"column":48},"end":{"line":148,"column":null}},"loc":{"start":{"line":148,"column":48},"end":{"line":194,"column":4}}},"13":{"name":"(anonymous_42)","decl":{"start":{"line":196,"column":23},"end":{"line":196,"column":null}},"loc":{"start":{"line":196,"column":23},"end":{"line":198,"column":3}}}},"branchMap":{"0":{"loc":{"start":{"line":52,"column":4},"end":{"line":54,"column":5}},"type":"if","locations":[{"start":{"line":52,"column":4},"end":{"line":54,"column":5}}]},"1":{"loc":{"start":{"line":65,"column":22},"end":{"line":65,"column":80}},"type":"binary-expr","locations":[{"start":{"line":65,"column":22},"end":{"line":65,"column":41}},{"start":{"line":65,"column":45},"end":{"line":65,"column":63}},{"start":{"line":65,"column":67},"end":{"line":65,"column":80}}]},"2":{"loc":{"start":{"line":66,"column":4},"end":{"line":68,"column":5}},"type":"if","locations":[{"start":{"line":66,"column":4},"end":{"line":68,"column":5}}]},"3":{"loc":{"start":{"line":66,"column":8},"end":{"line":66,"column":51}},"type":"binary-expr","locations":[{"start":{"line":66,"column":8},"end":{"line":66,"column":18}},{"start":{"line":66,"column":22},"end":{"line":66,"column":51}}]},"4":{"loc":{"start":{"line":99,"column":4},"end":{"line":103,"column":5}},"type":"if","locations":[{"start":{"line":99,"column":4},"end":{"line":103,"column":5}}]},"5":{"loc":{"start":{"line":105,"column":4},"end":{"line":129,"column":5}},"type":"if","locations":[{"start":{"line":105,"column":4},"end":{"line":129,"column":5}}]},"6":{"loc":{"start":{"line":107,"column":22},"end":{"line":107,"column":null}},"type":"switch","locations":[{"start":{"line":107,"column":22},"end":{"line":107,"column":null}}]},"7":{"loc":{"start":{"line":108,"column":8},"end":{"line":126,"column":9}},"type":"if","locations":[{"start":{"line":108,"column":8},"end":{"line":126,"column":9}},{"start":{"line":123,"column":15},"end":{"line":126,"column":9}}]},"8":{"loc":{"start":{"line":110,"column":19},"end":{"line":110,"column":36}},"type":"binary-expr","locations":[{"start":{"line":110,"column":19},"end":{"line":110,"column":30}},{"start":{"line":110,"column":34},"end":{"line":110,"column":36}}]},"9":{"loc":{"start":{"line":111,"column":19},"end":{"line":111,"column":36}},"type":"binary-expr","locations":[{"start":{"line":111,"column":19},"end":{"line":111,"column":30}},{"start":{"line":111,"column":34},"end":{"line":111,"column":36}}]},"10":{"loc":{"start":{"line":112,"column":25},"end":{"line":112,"column":49}},"type":"binary-expr","locations":[{"start":{"line":112,"column":25},"end":{"line":112,"column":43}},{"start":{"line":112,"column":47},"end":{"line":112,"column":49}}]},"11":{"loc":{"start":{"line":113,"column":22},"end":{"line":113,"column":42}},"type":"binary-expr","locations":[{"start":{"line":113,"column":22},"end":{"line":113,"column":36}},{"start":{"line":113,"column":40},"end":{"line":113,"column":42}}]},"12":{"loc":{"start":{"line":114,"column":22},"end":{"line":114,"column":42}},"type":"binary-expr","locations":[{"start":{"line":114,"column":22},"end":{"line":114,"column":36}},{"start":{"line":114,"column":40},"end":{"line":114,"column":42}}]},"13":{"loc":{"start":{"line":115,"column":25},"end":{"line":115,"column":48}},"type":"binary-expr","locations":[{"start":{"line":115,"column":25},"end":{"line":115,"column":42}},{"start":{"line":115,"column":46},"end":{"line":115,"column":48}}]},"14":{"loc":{"start":{"line":116,"column":22},"end":{"line":116,"column":43}},"type":"binary-expr","locations":[{"start":{"line":116,"column":22},"end":{"line":116,"column":37}},{"start":{"line":116,"column":41},"end":{"line":116,"column":43}}]},"15":{"loc":{"start":{"line":117,"column":31},"end":{"line":117,"column":61}},"type":"binary-expr","locations":[{"start":{"line":117,"column":31},"end":{"line":117,"column":55}},{"start":{"line":117,"column":59},"end":{"line":117,"column":61}}]},"16":{"loc":{"start":{"line":118,"column":20},"end":{"line":118,"column":38}},"type":"binary-expr","locations":[{"start":{"line":118,"column":20},"end":{"line":118,"column":32}},{"start":{"line":118,"column":36},"end":{"line":118,"column":38}}]},"17":{"loc":{"start":{"line":121,"column":23},"end":{"line":121,"column":45}},"type":"binary-expr","locations":[{"start":{"line":121,"column":23},"end":{"line":121,"column":36}},{"start":{"line":121,"column":40},"end":{"line":121,"column":45}}]},"18":{"loc":{"start":{"line":139,"column":4},"end":{"line":141,"column":5}},"type":"if","locations":[{"start":{"line":139,"column":4},"end":{"line":141,"column":5}}]},"19":{"loc":{"start":{"line":139,"column":8},"end":{"line":139,"column":25}},"type":"binary-expr","locations":[{"start":{"line":139,"column":8},"end":{"line":139,"column":13}},{"start":{"line":139,"column":17},"end":{"line":139,"column":25}}]},"20":{"loc":{"start":{"line":166,"column":16},"end":{"line":166,"column":44}},"type":"switch","locations":[{"start":{"line":166,"column":16},"end":{"line":166,"column":44}}]},"21":{"loc":{"start":{"line":152,"column":10},"end":{"line":152,"column":20}},"type":"if","locations":[{"start":{"line":152,"column":10},"end":{"line":152,"column":20}}]},"22":{"loc":{"start":{"line":154,"column":8},"end":{"line":164,"column":9}},"type":"if","locations":[{"start":{"line":154,"column":8},"end":{"line":164,"column":9}}]},"23":{"loc":{"start":{"line":167,"column":8},"end":{"line":177,"column":9}},"type":"if","locations":[{"start":{"line":167,"column":8},"end":{"line":177,"column":9}}]},"24":{"loc":{"start":{"line":179,"column":6},"end":{"line":181,"column":7}},"type":"if","locations":[{"start":{"line":179,"column":6},"end":{"line":181,"column":7}}]},"25":{"loc":{"start":{"line":218,"column":11},"end":{"line":218,"column":50}},"type":"cond-expr","locations":[{"start":{"line":218,"column":24},"end":{"line":218,"column":36}},{"start":{"line":218,"column":39},"end":{"line":218,"column":50}}]},"26":{"loc":{"start":{"line":444,"column":15},"end":{"line":444,"column":69}},"type":"cond-expr","locations":[{"start":{"line":444,"column":33},"end":{"line":444,"column":53}},{"start":{"line":444,"column":56},"end":{"line":444,"column":69}}]},"27":{"loc":{"start":{"line":477,"column":15},"end":{"line":477,"column":69}},"type":"cond-expr","locations":[{"start":{"line":477,"column":33},"end":{"line":477,"column":53}},{"start":{"line":477,"column":56},"end":{"line":477,"column":69}}]},"28":{"loc":{"start":{"line":503,"column":15},"end":{"line":503,"column":47}},"type":"cond-expr","locations":[{"start":{"line":503,"column":28},"end":{"line":503,"column":36}},{"start":{"line":503,"column":39},"end":{"line":503,"column":47}}]}},"s":{"0":1,"1":1,"2":1,"3":1,"4":1,"5":1,"6":1,"7":0,"8":0,"9":0,"10":0,"11":0,"12":0,"13":0,"14":0,"15":0,"16":0,"17":0,"18":0,"19":0,"20":1,"21":17,"22":17,"23":17,"24":17,"25":17,"26":17,"27":17,"28":6,"29":6,"30":1,"31":1,"32":1,"33":5,"34":0,"35":0,"36":0,"37":0,"38":0,"39":0,"40":0,"41":0,"42":17,"43":10,"44":10,"45":10,"46":10,"47":10,"48":17,"49":0,"50":0,"51":0,"52":0,"53":0,"54":0,"55":17,"56":1,"57":1,"58":17,"59":1,"60":1,"61":1,"62":2,"63":0,"64":0,"65":0,"66":0,"67":1,"68":1,"69":0,"70":0,"71":0,"72":0,"73":1,"74":1,"75":17,"76":1,"77":17,"78":1},"f":{"0":0,"1":0,"2":17,"3":6,"4":0,"5":10,"6":10,"7":0,"8":0,"9":1,"10":1,"11":1,"12":1,"13":1},"b":{"0":[0],"1":[0,0,0],"2":[0],"3":[0,0],"4":[1],"5":[0],"6":[0],"7":[0,0],"8":[0,0],"9":[0,0],"10":[0,0],"11":[0,0],"12":[0,0],"13":[0,0],"14":[0,0],"15":[0,0],"16":[0,0],"17":[0,0],"18":[0],"19":[0,0],"20":[1],"21":[1],"22":[0],"23":[0],"24":[0],"25":[0,17],"26":[0,17],"27":[0,17],"28":[0,17]}}
,"C:\\Users\\GOURANG CHAUHAN\\Desktop\\Movie_Project\\movie-Explorer\\src\\component\\Pages\\Dashboard.tsx": {"path":"C:\\Users\\GOURANG CHAUHAN\\Desktop\\Movie_Project\\movie-Explorer\\src\\component\\Pages\\Dashboard.tsx","statementMap":{"0":{"start":{"line":1,"column":0},"end":{"line":1,"column":38}},"1":{"start":{"line":2,"column":0},"end":{"line":2,"column":38}},"2":{"start":{"line":3,"column":0},"end":{"line":3,"column":38}},"3":{"start":{"line":4,"column":0},"end":{"line":4,"column":50}},"4":{"start":{"line":7,"column":2},"end":{"line":16,"column":4}},"5":{"start":{"line":19,"column":0},"end":{"line":19,"column":25}}},"fnMap":{"0":{"name":"Dashboard","decl":{"start":{"line":6,"column":9},"end":{"line":6,"column":18}},"loc":{"start":{"line":6,"column":18},"end":{"line":17,"column":1}}}},"branchMap":{},"s":{"0":1,"1":1,"2":1,"3":1,"4":4,"5":1},"f":{"0":4},"b":{}}
,"C:\\Users\\GOURANG CHAUHAN\\Desktop\\Movie_Project\\movie-Explorer\\src\\component\\Pages\\Gener.tsx": {"path":"C:\\Users\\GOURANG CHAUHAN\\Desktop\\Movie_Project\\movie-Explorer\\src\\component\\Pages\\Gener.tsx","statementMap":{"0":{"start":{"line":1,"column":0},"end":{"line":1,"column":51}},"1":{"start":{"line":2,"column":0},"end":{"line":2,"column":64}},"2":{"start":{"line":3,"column":0},"end":{"line":3,"column":56}},"3":{"start":{"line":4,"column":0},"end":{"line":4,"column":86}},"4":{"start":{"line":5,"column":0},"end":{"line":5,"column":52}},"5":{"start":{"line":6,"column":0},"end":{"line":6,"column":38}},"6":{"start":{"line":24,"column":24},"end":{"line":210,"column":1}},"7":{"start":{"line":25,"column":42},"end":{"line":25,"column":59}},"8":{"start":{"line":25,"column":21},"end":{"line":25,"column":23}},"9":{"start":{"line":25,"column":38},"end":{"line":25,"column":42}},"10":{"start":{"line":26,"column":30},"end":{"line":26,"column":51}},"11":{"start":{"line":26,"column":15},"end":{"line":26,"column":17}},"12":{"start":{"line":26,"column":26},"end":{"line":26,"column":30}},"13":{"start":{"line":27,"column":32},"end":{"line":27,"column":47}},"14":{"start":{"line":27,"column":16},"end":{"line":27,"column":18}},"15":{"start":{"line":27,"column":28},"end":{"line":27,"column":32}},"16":{"start":{"line":28,"column":38},"end":{"line":28,"column":49}},"17":{"start":{"line":28,"column":19},"end":{"line":28,"column":21}},"18":{"start":{"line":28,"column":34},"end":{"line":28,"column":38}},"19":{"start":{"line":29,"column":24},"end":{"line":29,"column":26}},"20":{"start":{"line":30,"column":19},"end":{"line":30,"column":32}},"21":{"start":{"line":33,"column":16},"end":{"line":33,"column":53}},"22":{"start":{"line":34,"column":22},"end":{"line":34,"column":67}},"23":{"start":{"line":36,"column":2},"end":{"line":52,"column":27}},"24":{"start":{"line":37,"column":24},"end":{"line":49,"column":6}},"25":{"start":{"line":38,"column":6},"end":{"line":38,"column":23}},"26":{"start":{"line":40,"column":34},"end":{"line":40,"column":null}},"27":{"start":{"line":40,"column":14},"end":{"line":40,"column":34}},"28":{"start":{"line":41,"column":8},"end":{"line":41,"column":26}},"29":{"start":{"line":42,"column":8},"end":{"line":42,"column":29}},"30":{"start":{"line":44,"column":8},"end":{"line":44,"column":87}},"31":{"start":{"line":45,"column":8},"end":{"line":45,"column":22}},"32":{"start":{"line":46,"column":8},"end":{"line":46,"column":25}},"33":{"start":{"line":48,"column":6},"end":{"line":48,"column":24}},"34":{"start":{"line":50,"column":4},"end":{"line":50,"column":18}},"35":{"start":{"line":51,"column":4},"end":{"line":51,"column":23}},"36":{"start":{"line":54,"column":28},"end":{"line":56,"column":3}},"37":{"start":{"line":55,"column":4},"end":{"line":55,"column":52}},"38":{"start":{"line":58,"column":27},"end":{"line":61,"column":3}},"39":{"start":{"line":59,"column":4},"end":{"line":59,"column":54}},"40":{"start":{"line":60,"column":4},"end":{"line":60,"column":52}},"41":{"start":{"line":63,"column":2},"end":{"line":209,"column":4}},"42":{"start":{"line":80,"column":27},"end":{"line":80,"column":null}},"43":{"start":{"line":96,"column":27},"end":{"line":96,"column":null}},"44":{"start":{"line":112,"column":27},"end":{"line":112,"column":null}},"45":{"start":{"line":128,"column":27},"end":{"line":128,"column":null}},"46":{"start":{"line":144,"column":27},"end":{"line":144,"column":null}},"47":{"start":{"line":159,"column":45},"end":{"line":173,"column":18}},"48":{"start":{"line":171,"column":35},"end":{"line":171,"column":null}},"49":{"start":{"line":212,"column":0},"end":{"line":212,"column":21}}},"fnMap":{"0":{"name":"(anonymous_23)","decl":{"start":{"line":24,"column":24},"end":{"line":24,"column":null}},"loc":{"start":{"line":24,"column":24},"end":{"line":210,"column":1}}},"1":{"name":"(anonymous_24)","decl":{"start":{"line":36,"column":12},"end":{"line":36,"column":null}},"loc":{"start":{"line":36,"column":12},"end":{"line":52,"column":3}}},"2":{"name":"(anonymous_25)","decl":{"start":{"line":37,"column":24},"end":{"line":37,"column":null}},"loc":{"start":{"line":37,"column":24},"end":{"line":49,"column":6}}},"3":{"name":"(anonymous_28)","decl":{"start":{"line":54,"column":28},"end":{"line":54,"column":29}},"loc":{"start":{"line":54,"column":45},"end":{"line":56,"column":3}}},"4":{"name":"(anonymous_29)","decl":{"start":{"line":58,"column":27},"end":{"line":58,"column":28}},"loc":{"start":{"line":58,"column":75},"end":{"line":61,"column":3}}},"5":{"name":"(anonymous_30)","decl":{"start":{"line":80,"column":21},"end":{"line":80,"column":27}},"loc":{"start":{"line":80,"column":21},"end":{"line":80,"column":44}}},"6":{"name":"(anonymous_31)","decl":{"start":{"line":96,"column":21},"end":{"line":96,"column":27}},"loc":{"start":{"line":96,"column":21},"end":{"line":96,"column":44}}},"7":{"name":"(anonymous_32)","decl":{"start":{"line":112,"column":21},"end":{"line":112,"column":27}},"loc":{"start":{"line":112,"column":21},"end":{"line":112,"column":44}}},"8":{"name":"(anonymous_33)","decl":{"start":{"line":128,"column":21},"end":{"line":128,"column":27}},"loc":{"start":{"line":128,"column":21},"end":{"line":128,"column":44}}},"9":{"name":"(anonymous_34)","decl":{"start":{"line":144,"column":21},"end":{"line":144,"column":27}},"loc":{"start":{"line":144,"column":21},"end":{"line":144,"column":44}}},"10":{"name":"(anonymous_35)","decl":{"start":{"line":159,"column":27},"end":{"line":159,"column":28}},"loc":{"start":{"line":159,"column":40},"end":{"line":159,"column":null}}},"11":{"name":"(anonymous_36)","decl":{"start":{"line":171,"column":29},"end":{"line":171,"column":35}},"loc":{"start":{"line":171,"column":29},"end":{"line":171,"column":43}}}},"branchMap":{"0":{"loc":{"start":{"line":33,"column":16},"end":{"line":33,"column":53}},"type":"binary-expr","locations":[{"start":{"line":33,"column":16},"end":{"line":33,"column":41}},{"start":{"line":33,"column":45},"end":{"line":33,"column":53}}]},"1":{"loc":{"start":{"line":34,"column":31},"end":{"line":34,"column":62}},"type":"binary-expr","locations":[{"start":{"line":34,"column":31},"end":{"line":34,"column":55}},{"start":{"line":34,"column":59},"end":{"line":34,"column":62}}]},"2":{"loc":{"start":{"line":71,"column":23},"end":{"line":71,"column":65}},"type":"cond-expr","locations":[{"start":{"line":71,"column":44},"end":{"line":71,"column":53}},{"start":{"line":71,"column":56},"end":{"line":71,"column":65}}]},"3":{"loc":{"start":{"line":87,"column":23},"end":{"line":87,"column":67}},"type":"cond-expr","locations":[{"start":{"line":87,"column":46},"end":{"line":87,"column":55}},{"start":{"line":87,"column":58},"end":{"line":87,"column":67}}]},"4":{"loc":{"start":{"line":103,"column":23},"end":{"line":103,"column":65}},"type":"cond-expr","locations":[{"start":{"line":103,"column":44},"end":{"line":103,"column":53}},{"start":{"line":103,"column":56},"end":{"line":103,"column":65}}]},"5":{"loc":{"start":{"line":119,"column":23},"end":{"line":119,"column":66}},"type":"cond-expr","locations":[{"start":{"line":119,"column":45},"end":{"line":119,"column":54}},{"start":{"line":119,"column":57},"end":{"line":119,"column":66}}]},"6":{"loc":{"start":{"line":135,"column":23},"end":{"line":135,"column":64}},"type":"cond-expr","locations":[{"start":{"line":135,"column":43},"end":{"line":135,"column":52}},{"start":{"line":135,"column":55},"end":{"line":135,"column":64}}]},"7":{"loc":{"start":{"line":150,"column":9},"end":{"line":205,"column":null}},"type":"cond-expr","locations":[{"start":{"line":151,"column":10},"end":{"line":153,"column":null}},{"start":{"line":156,"column":10},"end":{"line":204,"column":null}}]},"8":{"loc":{"start":{"line":158,"column":15},"end":{"line":177,"column":null}},"type":"cond-expr","locations":[{"start":{"line":159,"column":16},"end":{"line":173,"column":18}},{"start":{"line":175,"column":16},"end":{"line":176,"column":null}}]},"9":{"loc":{"start":{"line":181,"column":13},"end":{"line":203,"column":null}},"type":"binary-expr","locations":[{"start":{"line":181,"column":13},"end":{"line":181,"column":27}},{"start":{"line":182,"column":14},"end":{"line":202,"column":null}}]}},"s":{"0":1,"1":1,"2":1,"3":1,"4":1,"5":1,"6":1,"7":17,"8":17,"9":17,"10":17,"11":17,"12":17,"13":17,"14":17,"15":17,"16":17,"17":17,"18":17,"19":17,"20":17,"21":17,"22":17,"23":17,"24":14,"25":7,"26":7,"27":6,"28":5,"29":5,"30":1,"31":1,"32":1,"33":6,"34":7,"35":7,"36":17,"37":1,"38":17,"39":0,"40":0,"41":17,"42":0,"43":0,"44":1,"45":0,"46":0,"47":6,"48":1,"49":1},"f":{"0":17,"1":7,"2":14,"3":1,"4":0,"5":0,"6":0,"7":1,"8":0,"9":0,"10":6,"11":1},"b":{"0":[17,0],"1":[17,0],"2":[16,1],"3":[0,17],"4":[1,16],"5":[0,17],"6":[0,17],"7":[6,11],"8":[3,8],"9":[11,3]}}
}
