TN:
SF:src\component\Auth\Login.tsx
FN:24,(anonymous_25)
FN:33,(anonymous_26)
FN:37,(anonymous_27)
FN:39,(anonymous_28)
FN:43,(anonymous_29)
FN:45,(anonymous_30)
FN:49,(anonymous_31)
FN:49,(anonymous_32)
FN:203,(anonymous_34)
FNF:9
FNH:9
FNDA:28,(anonymous_25)
FNDA:1,(anonymous_26)
FNDA:5,(anonymous_27)
FNDA:5,(anonymous_28)
FNDA:4,(anonymous_29)
FNDA:4,(anonymous_30)
FNDA:5,(anonymous_31)
FNDA:5,(anonymous_32)
FNDA:2,(anonymous_34)
DA:1,1
DA:2,1
DA:3,1
DA:4,1
DA:5,1
DA:16,1
DA:17,1
DA:24,1
DA:25,28
DA:26,28
DA:27,28
DA:28,28
DA:29,28
DA:30,28
DA:31,28
DA:33,28
DA:34,1
DA:37,28
DA:38,5
DA:39,5
DA:40,5
DA:43,28
DA:44,4
DA:45,4
DA:46,4
DA:49,28
DA:50,5
DA:51,5
DA:52,5
DA:54,5
DA:55,5
DA:57,5
DA:58,1
DA:59,1
DA:60,4
DA:61,1
DA:62,1
DA:65,5
DA:66,2
DA:67,2
DA:68,3
DA:69,1
DA:71,1
DA:74,5
DA:76,5
DA:77,3
DA:78,3
DA:79,3
DA:83,2
DA:84,1
DA:85,1
DA:89,1
DA:91,1
DA:92,1
DA:93,1
DA:98,2
DA:102,28
DA:203,2
DA:288,1
LF:59
LH:59
BRDA:57,0,0,1
BRDA:57,0,1,4
BRDA:60,1,0,1
BRDA:65,2,0,2
BRDA:65,2,1,3
BRDA:68,3,0,1
BRDA:76,4,0,3
BRDA:91,5,0,1
BRDA:91,5,1,0
BRDA:190,6,0,1
BRDA:190,6,1,27
BRDA:208,7,0,1
BRDA:208,7,1,27
BRDA:227,8,0,28
BRDA:227,8,1,1
BRDA:262,9,0,2
BRDA:262,9,1,26
BRF:17
BRH:16
end_of_record
TN:
SF:src\component\Auth\Signup.tsx
FN:39,(anonymous_25)
FN:48,(anonymous_26)
FN:52,(anonymous_27)
FN:56,(anonymous_28)
FN:58,(anonymous_29)
FN:62,(anonymous_30)
FN:66,(anonymous_31)
FN:68,(anonymous_32)
FN:72,(anonymous_33)
FN:76,(anonymous_34)
FN:78,(anonymous_35)
FN:82,(anonymous_36)
FN:86,(anonymous_37)
FN:88,(anonymous_38)
FN:92,(anonymous_39)
FN:92,(anonymous_40)
FN:99,(anonymous_42)
FN:103,(anonymous_43)
FN:107,(anonymous_44)
FN:111,(anonymous_45)
FNF:20
FNH:19
FNDA:31,(anonymous_25)
FNDA:1,(anonymous_26)
FNDA:4,(anonymous_27)
FNDA:0,(anonymous_28)
FNDA:4,(anonymous_29)
FNDA:4,(anonymous_30)
FNDA:1,(anonymous_31)
FNDA:3,(anonymous_32)
FNDA:4,(anonymous_33)
FNDA:1,(anonymous_34)
FNDA:3,(anonymous_35)
FNDA:4,(anonymous_36)
FNDA:1,(anonymous_37)
FNDA:3,(anonymous_38)
FNDA:4,(anonymous_39)
FNDA:4,(anonymous_40)
FNDA:1,(anonymous_42)
FNDA:2,(anonymous_43)
FNDA:2,(anonymous_44)
FNDA:2,(anonymous_45)
DA:1,1
DA:2,1
DA:3,1
DA:4,1
DA:5,1
DA:12,1
DA:39,1
DA:40,31
DA:41,31
DA:42,31
DA:43,31
DA:44,31
DA:45,31
DA:46,31
DA:48,31
DA:49,1
DA:52,31
DA:53,4
DA:54,4
DA:55,4
DA:56,0
DA:58,4
DA:62,31
DA:63,4
DA:64,4
DA:65,4
DA:66,1
DA:68,3
DA:72,31
DA:73,4
DA:74,4
DA:75,4
DA:76,1
DA:78,3
DA:82,31
DA:83,4
DA:84,4
DA:85,4
DA:86,1
DA:88,3
DA:92,31
DA:93,4
DA:94,4
DA:96,4
DA:98,4
DA:99,1
DA:100,1
DA:102,4
DA:103,2
DA:104,2
DA:106,4
DA:107,2
DA:108,2
DA:110,4
DA:111,2
DA:112,2
DA:115,4
DA:116,2
DA:120,2
DA:123,2
DA:133,2
DA:134,1
DA:135,1
DA:141,1
DA:145,1
DA:147,1
DA:148,1
DA:149,1
DA:156,31
DA:348,1
LF:70
LH:69
BRDA:55,0,0,0
BRDA:55,0,1,4
BRDA:65,1,0,1
BRDA:65,1,1,3
BRDA:75,2,0,1
BRDA:75,2,1,3
BRDA:85,3,0,1
BRDA:85,3,1,3
BRDA:98,4,0,1
BRDA:102,5,0,2
BRDA:106,6,0,2
BRDA:110,7,0,2
BRDA:115,8,0,2
BRDA:147,9,0,1
BRDA:147,9,1,0
BRDA:321,10,0,31
BRDA:321,10,1,2
BRF:17
BRH:15
end_of_record
TN:
SF:src\component\Common\Footer.tsx
FN:4,(anonymous_1)
FNF:1
FNH:1
FNDA:6,(anonymous_1)
DA:1,1
DA:2,1
DA:4,1
DA:5,6
DA:97,1
LF:5
LH:5
BRF:0
BRH:0
end_of_record
TN:
SF:src\component\Common\Header.tsx
FN:17,(anonymous_22)
FN:25,(anonymous_23)
FN:54,(anonymous_24)
FN:58,(anonymous_25)
FN:62,(anonymous_26)
FN:67,(anonymous_27)
FN:71,(anonymous_28)
FN:75,(anonymous_29)
FN:79,(anonymous_30)
FN:88,(anonymous_33)
FN:92,(anonymous_34)
FNF:11
FNH:6
FNDA:22,(anonymous_22)
FNDA:10,(anonymous_23)
FNDA:5,(anonymous_24)
FNDA:0,(anonymous_25)
FNDA:0,(anonymous_26)
FNDA:1,(anonymous_27)
FNDA:0,(anonymous_28)
FNDA:1,(anonymous_29)
FNDA:2,(anonymous_30)
FNDA:0,(anonymous_33)
FNDA:0,(anonymous_34)
DA:1,1
DA:2,1
DA:3,1
DA:4,1
DA:15,1
DA:17,1
DA:18,22
DA:19,22
DA:20,22
DA:21,22
DA:22,22
DA:23,22
DA:25,22
DA:26,10
DA:27,10
DA:28,10
DA:30,10
DA:31,6
DA:32,6
DA:33,5
DA:34,5
DA:35,1
DA:37,5
DA:38,4
DA:39,1
DA:41,3
DA:44,1
DA:45,1
DA:48,6
DA:50,4
DA:54,22
DA:55,5
DA:58,22
DA:59,0
DA:62,22
DA:63,0
DA:64,0
DA:67,22
DA:68,1
DA:71,22
DA:72,0
DA:75,22
DA:76,1
DA:79,23
DA:81,2
DA:82,1
DA:84,0
DA:88,22
DA:89,0
DA:92,22
DA:93,0
DA:94,0
DA:97,22
DA:201,1
LF:54
LH:46
BRDA:30,0,0,6
BRDA:30,0,1,4
BRDA:32,1,0,5
BRDA:34,2,0,1
BRDA:38,3,0,1
BRDA:38,3,1,3
BRDA:177,4,0,10
BRDA:177,4,1,12
BRDA:179,5,0,10
BRDA:179,5,1,2
BRDA:186,6,0,10
BRDA:186,6,1,8
BRF:12
BRH:12
end_of_record
TN:
SF:src\component\CrasouleSample\Carosule.tsx
FN:14,(anonymous_14)
FN:20,(anonymous_15)
FN:21,(anonymous_16)
FN:39,(anonymous_19)
FN:45,(anonymous_20)
FN:51,(anonymous_21)
FN:90,(anonymous_22)
FN:91,(anonymous_23)
FN:134,(anonymous_24)
FN:146,(anonymous_25)
FNF:10
FNH:9
FNDA:16,(anonymous_14)
FNDA:10,(anonymous_15)
FNDA:20,(anonymous_16)
FNDA:1,(anonymous_19)
FNDA:1,(anonymous_20)
FNDA:1,(anonymous_21)
FNDA:1,(anonymous_22)
FNDA:0,(anonymous_23)
FNDA:10,(anonymous_24)
FNDA:1,(anonymous_25)
DA:1,1
DA:2,1
DA:3,1
DA:4,1
DA:5,1
DA:6,1
DA:7,1
DA:14,16
DA:15,16
DA:16,16
DA:17,16
DA:18,16
DA:20,16
DA:21,20
DA:23,10
DA:24,8
DA:25,3
DA:27,5
DA:28,5
DA:31,1
DA:32,1
DA:36,10
DA:39,16
DA:40,1
DA:41,1
DA:45,16
DA:46,1
DA:47,1
DA:51,16
DA:52,1
DA:55,16
DA:90,1
DA:92,0
DA:93,0
DA:134,10
DA:146,1
DA:180,1
LF:37
LH:35
BRDA:24,0,0,3
BRDA:24,0,1,5
BRDA:40,1,0,1
BRDA:46,2,0,1
BRDA:92,3,0,0
BRDA:92,4,0,0
BRDA:92,4,1,0
BRDA:131,5,0,2
BRDA:131,5,1,14
BRDA:133,6,0,5
BRDA:133,6,1,9
BRF:11
BRH:8
end_of_record
TN:
SF:src\component\CrasouleSample\MovieDetail.tsx
FN:26,(anonymous_14)
FN:36,(anonymous_15)
FN:37,(anonymous_16)
FN:51,(anonymous_19)
FNF:4
FNH:4
FNDA:17,(anonymous_14)
FNDA:8,(anonymous_15)
FNDA:16,(anonymous_16)
FNDA:3,(anonymous_19)
DA:1,1
DA:2,1
DA:3,1
DA:18,1
DA:19,1
DA:20,1
DA:21,1
DA:22,1
DA:23,1
DA:24,1
DA:26,1
DA:27,17
DA:28,17
DA:29,17
DA:30,17
DA:31,17
DA:33,17
DA:34,17
DA:36,17
DA:37,16
DA:38,8
DA:39,1
DA:40,1
DA:41,1
DA:45,7
DA:46,4
DA:47,1
DA:49,3
DA:50,3
DA:51,3
DA:54,1
DA:55,1
DA:57,5
DA:61,8
DA:62,8
DA:65,17
DA:66,8
DA:86,9
DA:87,3
DA:94,6
DA:615,1
LF:41
LH:41
BRDA:38,0,0,1
BRDA:46,1,0,1
BRDA:46,1,1,3
BRDA:65,2,0,8
BRDA:86,3,0,3
BRDA:86,4,0,9
BRDA:86,4,1,6
BRDA:89,5,0,3
BRDA:89,5,1,0
BRDA:109,6,0,2
BRDA:109,6,1,4
BRDA:120,7,0,2
BRDA:120,7,1,4
BRDA:121,8,0,2
BRDA:121,8,1,4
BRDA:126,9,0,2
BRDA:126,9,1,4
BRDA:127,10,0,2
BRDA:127,10,1,4
BRDA:128,11,0,2
BRDA:128,11,1,4
BRDA:130,12,0,2
BRDA:130,12,1,4
BRDA:142,13,0,2
BRDA:142,13,1,4
BRDA:146,14,0,2
BRDA:146,14,1,4
BRDA:154,15,0,2
BRDA:154,15,1,4
BRDA:158,16,0,2
BRDA:158,16,1,4
BRDA:174,17,0,2
BRDA:174,17,1,4
BRDA:187,18,0,2
BRDA:187,18,1,4
BRDA:213,19,0,2
BRDA:213,19,1,4
BRDA:218,20,0,6
BRDA:218,20,1,0
BRDA:232,21,0,6
BRDA:232,21,1,0
BRDA:252,22,0,2
BRDA:252,22,1,4
BRDA:256,23,0,2
BRDA:256,23,1,4
BRDA:264,24,0,2
BRDA:264,24,1,4
BRDA:265,25,0,6
BRDA:265,25,1,0
BRDA:267,26,0,2
BRDA:267,26,1,4
BRDA:268,27,0,6
BRDA:268,27,1,0
BRDA:273,28,0,2
BRDA:273,28,1,4
BRDA:278,29,0,2
BRDA:278,29,1,4
BRDA:293,30,0,2
BRDA:293,30,1,4
BRDA:336,31,0,2
BRDA:336,31,1,4
BRDA:382,32,0,6
BRDA:382,32,1,0
BRDA:425,33,0,6
BRDA:425,33,1,0
BRDA:468,34,0,6
BRDA:468,34,1,0
BRDA:499,35,0,2
BRDA:499,35,1,4
BRDA:508,36,0,6
BRDA:508,36,1,0
BRDA:513,37,0,6
BRDA:513,37,1,0
BRDA:518,38,0,6
BRDA:518,38,1,0
BRDA:523,39,0,6
BRDA:523,39,1,0
BRDA:549,40,0,2
BRDA:549,40,1,4
BRDA:559,41,0,2
BRDA:559,41,1,4
BRDA:586,42,0,2
BRDA:586,42,1,4
BRDA:597,43,0,2
BRDA:597,43,1,4
BRF:85
BRH:73
end_of_record
TN:
SF:src\component\CrasouleSample\MovieItem.tsx
FN:22,(anonymous_14)
FN:37,(anonymous_15)
FN:50,(anonymous_16)
FN:55,(anonymous_17)
FN:55,(anonymous_18)
FN:79,(anonymous_20)
FN:80,(anonymous_21)
FNF:7
FNH:6
FNDA:13,(anonymous_14)
FNDA:8,(anonymous_15)
FNDA:0,(anonymous_16)
FNDA:2,(anonymous_17)
FNDA:2,(anonymous_18)
FNDA:1,(anonymous_20)
FNDA:1,(anonymous_21)
DA:1,1
DA:2,1
DA:3,1
DA:4,1
DA:5,1
DA:6,1
DA:7,1
DA:22,1
DA:23,13
DA:24,13
DA:25,13
DA:26,13
DA:27,13
DA:28,13
DA:29,13
DA:30,13
DA:31,13
DA:33,13
DA:34,13
DA:35,13
DA:37,13
DA:38,8
DA:39,8
DA:40,5
DA:41,5
DA:42,4
DA:44,1
DA:45,1
DA:50,13
DA:51,0
DA:52,0
DA:55,13
DA:56,2
DA:58,2
DA:60,4
DA:61,1
DA:63,1
DA:64,1
DA:69,13
DA:79,1
DA:80,1
DA:185,1
LF:42
LH:40
BRDA:39,0,0,5
BRDA:58,1,0,0
BRDA:97,2,0,13
BRDA:97,2,1,1
BRDA:115,3,0,13
BRDA:115,3,1,5
BRDA:144,4,0,1
BRDA:144,4,1,4
BRF:8
BRH:7
end_of_record
TN:
SF:src\component\CrasouleSample\MoviesListCheck.tsx
FN:10,(anonymous_23)
FN:18,(anonymous_24)
FN:19,(anonymous_25)
FN:35,(anonymous_28)
FN:36,(anonymous_29)
FN:42,(anonymous_30)
FN:88,(anonymous_31)
FN:100,(anonymous_32)
FNF:8
FNH:8
FNDA:27,(anonymous_23)
FNDA:8,(anonymous_24)
FNDA:16,(anonymous_25)
FNDA:16,(anonymous_28)
FNDA:14,(anonymous_29)
FNDA:2,(anonymous_30)
FNDA:15,(anonymous_31)
FNDA:1,(anonymous_32)
DA:1,1
DA:2,1
DA:3,1
DA:4,1
DA:5,1
DA:6,1
DA:7,1
DA:8,1
DA:10,1
DA:11,27
DA:12,27
DA:13,27
DA:14,27
DA:15,27
DA:16,27
DA:18,27
DA:19,16
DA:21,8
DA:22,6
DA:23,6
DA:24,6
DA:26,1
DA:28,7
DA:32,8
DA:35,27
DA:36,16
DA:37,14
DA:39,16
DA:42,27
DA:43,2
DA:46,27
DA:47,16
DA:55,11
DA:56,1
DA:63,10
DA:88,15
DA:100,1
DA:115,1
LF:38
LH:38
BRDA:26,0,0,1
BRDA:26,0,1,0
BRDA:46,1,0,16
BRDA:55,2,0,1
BRDA:87,3,0,8
BRDA:87,3,1,2
BRDA:98,4,0,15
BRDA:98,4,1,0
BRDA:105,5,0,1
BRDA:105,5,1,1
BRF:10
BRH:8
end_of_record
TN:
SF:src\component\Pages\AdminPage.tsx
FN:49,(anonymous_25)
FN:49,(anonymous_26)
FN:77,(anonymous_28)
FN:97,(anonymous_29)
FN:106,(anonymous_30)
FN:132,(anonymous_33)
FN:134,(anonymous_34)
FN:137,(anonymous_35)
FN:140,(anonymous_36)
FN:144,(anonymous_37)
FN:145,(anonymous_38)
FN:148,(anonymous_39)
FN:148,(anonymous_40)
FN:196,(anonymous_42)
FNF:14
FNH:9
FNDA:0,(anonymous_25)
FNDA:0,(anonymous_26)
FNDA:17,(anonymous_28)
FNDA:6,(anonymous_29)
FNDA:0,(anonymous_30)
FNDA:10,(anonymous_33)
FNDA:10,(anonymous_34)
FNDA:0,(anonymous_35)
FNDA:0,(anonymous_36)
FNDA:1,(anonymous_37)
FNDA:1,(anonymous_38)
FNDA:1,(anonymous_39)
FNDA:1,(anonymous_40)
FNDA:1,(anonymous_42)
DA:2,1
DA:3,1
DA:4,1
DA:14,1
DA:15,1
DA:16,1
DA:49,1
DA:51,0
DA:52,0
DA:53,0
DA:55,0
DA:63,0
DA:65,0
DA:66,0
DA:67,0
DA:70,0
DA:72,0
DA:73,0
DA:77,1
DA:78,17
DA:79,17
DA:80,17
DA:82,17
DA:97,17
DA:98,6
DA:99,6
DA:100,1
DA:101,1
DA:102,1
DA:105,5
DA:106,0
DA:107,0
DA:108,0
DA:109,0
DA:124,0
DA:125,0
DA:128,0
DA:132,17
DA:133,10
DA:134,10
DA:137,17
DA:138,0
DA:139,0
DA:140,0
DA:144,17
DA:145,1
DA:148,17
DA:149,1
DA:151,1
DA:152,2
DA:153,0
DA:154,0
DA:155,0
DA:166,1
DA:167,0
DA:168,0
DA:179,0
DA:180,0
DA:183,1
DA:184,1
DA:196,17
DA:197,1
DA:200,17
DA:529,1
LF:64
LH:36
BRDA:52,0,0,0
BRDA:65,1,0,0
BRDA:65,1,1,0
BRDA:65,1,2,0
BRDA:66,2,0,0
BRDA:66,3,0,0
BRDA:66,3,1,0
BRDA:99,4,0,1
BRDA:105,5,0,0
BRDA:107,6,0,0
BRDA:108,7,0,0
BRDA:108,7,1,0
BRDA:110,8,0,0
BRDA:110,8,1,0
BRDA:111,9,0,0
BRDA:111,9,1,0
BRDA:112,10,0,0
BRDA:112,10,1,0
BRDA:113,11,0,0
BRDA:113,11,1,0
BRDA:114,12,0,0
BRDA:114,12,1,0
BRDA:115,13,0,0
BRDA:115,13,1,0
BRDA:116,14,0,0
BRDA:116,14,1,0
BRDA:117,15,0,0
BRDA:117,15,1,0
BRDA:118,16,0,0
BRDA:118,16,1,0
BRDA:121,17,0,0
BRDA:121,17,1,0
BRDA:139,18,0,0
BRDA:139,19,0,0
BRDA:139,19,1,0
BRDA:166,20,0,1
BRDA:152,21,0,1
BRDA:154,22,0,0
BRDA:167,23,0,0
BRDA:179,24,0,0
BRDA:218,25,0,0
BRDA:218,25,1,17
BRDA:444,26,0,0
BRDA:444,26,1,17
BRDA:477,27,0,0
BRDA:477,27,1,17
BRDA:503,28,0,0
BRDA:503,28,1,17
BRF:48
BRH:7
end_of_record
TN:
SF:src\component\Pages\Dashboard.tsx
FN:6,Dashboard
FNF:1
FNH:1
FNDA:4,Dashboard
DA:1,1
DA:2,1
DA:3,1
DA:4,1
DA:7,4
DA:19,1
LF:6
LH:6
BRF:0
BRH:0
end_of_record
TN:
SF:src\component\Pages\Gener.tsx
FN:24,(anonymous_23)
FN:36,(anonymous_24)
FN:37,(anonymous_25)
FN:54,(anonymous_28)
FN:58,(anonymous_29)
FN:80,(anonymous_30)
FN:96,(anonymous_31)
FN:112,(anonymous_32)
FN:128,(anonymous_33)
FN:144,(anonymous_34)
FN:159,(anonymous_35)
FN:171,(anonymous_36)
FNF:12
FNH:7
FNDA:17,(anonymous_23)
FNDA:7,(anonymous_24)
FNDA:14,(anonymous_25)
FNDA:1,(anonymous_28)
FNDA:0,(anonymous_29)
FNDA:0,(anonymous_30)
FNDA:0,(anonymous_31)
FNDA:1,(anonymous_32)
FNDA:0,(anonymous_33)
FNDA:0,(anonymous_34)
FNDA:6,(anonymous_35)
FNDA:1,(anonymous_36)
DA:1,1
DA:2,1
DA:3,1
DA:4,1
DA:5,1
DA:6,1
DA:24,1
DA:25,17
DA:26,17
DA:27,17
DA:28,17
DA:29,17
DA:30,17
DA:33,17
DA:34,17
DA:36,17
DA:37,14
DA:38,7
DA:40,7
DA:41,5
DA:42,5
DA:44,1
DA:45,1
DA:46,1
DA:48,6
DA:50,7
DA:51,7
DA:54,17
DA:55,1
DA:58,17
DA:59,0
DA:60,0
DA:63,17
DA:80,0
DA:96,0
DA:112,1
DA:128,0
DA:144,0
DA:159,6
DA:171,1
DA:212,1
LF:41
LH:35
BRDA:33,0,0,17
BRDA:33,0,1,0
BRDA:34,1,0,17
BRDA:34,1,1,0
BRDA:71,2,0,16
BRDA:71,2,1,1
BRDA:87,3,0,0
BRDA:87,3,1,17
BRDA:103,4,0,1
BRDA:103,4,1,16
BRDA:119,5,0,0
BRDA:119,5,1,17
BRDA:135,6,0,0
BRDA:135,6,1,17
BRDA:150,7,0,6
BRDA:150,7,1,11
BRDA:158,8,0,3
BRDA:158,8,1,8
BRDA:181,9,0,11
BRDA:181,9,1,3
BRF:20
BRH:15
end_of_record
